Using pre-set license
Built from '2020.3/staging' branch; Version is '2020.3.16f1 (049d6eca3c44) revision 302446'; Using compiler version '192528614'; Build Type 'Release'
OS: 'Windows 7  (6.1.0) 64bit' Language: 'ru' Physical Memory: 16301 MB
BatchMode: 1, IsHumanControllingUs: 0, StartBugReporterOnCrash: 0, Is64bit: 1, IsPro: 0

 COMMAND LINE ARGUMENTS:
C:\Program Files\Unity\Hub\Editor\2020.3.16f1\Editor\Unity.exe
-adb2
-batchMode
-noUpm
-name
AssetImportWorker1
-projectPath
D:/UnityAngarsk/Tank Scape/Tank-scapes/Tank/Tank-2
-logFile
Logs/AssetImportWorker1.log
-srvPort
44240
Successfully changed project path to: D:/UnityAngarsk/Tank Scape/Tank-scapes/Tank/Tank-2
D:/UnityAngarsk/Tank Scape/Tank-scapes/Tank/Tank-2
Using Asset Import Pipeline V2.
Refreshing native plugins compatible for Editor in 105.97 ms, found 5 plugins.
Preloading 0 native plugins for Editor in 0.00 ms.
Initialize engine version: 2020.3.16f1 (049d6eca3c44)
[Subsystems] Discovering subsystems at path C:/Program Files/Unity/Hub/Editor/2020.3.16f1/Editor/Data/Resources/UnitySubsystems
[Subsystems] Discovering subsystems at path D:/UnityAngarsk/Tank Scape/Tank-scapes/Tank/Tank-2/Assets
GfxDevice: creating device client; threaded=0
d3d11: CreateDXGIFactory2(...) not found, fallbacking to CreateDXGIFactory1(...).
d3d11: QueryInterface(IDXGIFactory5) failed (80004002).
Direct3D:
    Version:  Direct3D 11.0 [level 11.0]
    Renderer: NVIDIA GeForce GTX 1060 6GB (ID=0x1c03)
    Vendor:   
    VRAM:     6036 MB
    Driver:   27.21.14.6192
Initialize mono
Mono path[0] = 'C:/Program Files/Unity/Hub/Editor/2020.3.16f1/Editor/Data/Managed'
Mono path[1] = 'C:/Program Files/Unity/Hub/Editor/2020.3.16f1/Editor/Data/MonoBleedingEdge/lib/mono/unityjit'
Mono config path = 'C:/Program Files/Unity/Hub/Editor/2020.3.16f1/Editor/Data/MonoBleedingEdge/etc'
Using monoOptions --debugger-agent=transport=dt_socket,embedding=1,server=y,suspend=n,address=127.0.0.1:56704
Begin MonoManager ReloadAssembly
Registering precompiled unity dll's ...
Register platform support module: C:/Program Files/Unity/Hub/Editor/2020.3.16f1/Editor/Data/PlaybackEngines/WindowsStandaloneSupport/UnityEditor.WindowsStandalone.Extensions.dll
Registered in 0.001460 seconds.
Native extension for WindowsStandalone target not found
Refreshing native plugins compatible for Editor in 98.88 ms, found 5 plugins.
Preloading 0 native plugins for Editor in 0.00 ms.
Mono: successfully reloaded assembly
- Completed reload, in  2.916 seconds
Domain Reload Profiling:
	ReloadAssembly (2916ms)
		BeginReloadAssembly (66ms)
			ExecutionOrderSort (0ms)
			DisableScriptedObjects (0ms)
			BackupInstance (0ms)
			ReleaseScriptingObjects (0ms)
			CreateAndSetChildDomain (1ms)
		EndReloadAssembly (590ms)
			LoadAssemblies (64ms)
			RebuildTransferFunctionScriptingTraits (0ms)
			SetupTypeCache (193ms)
			ReleaseScriptCaches (0ms)
			RebuildScriptCaches (42ms)
			SetupLoadedEditorAssemblies (263ms)
				LogAssemblyErrors (0ms)
				InitializePlatformSupportModulesInManaged (4ms)
				SetLoadedEditorAssemblies (0ms)
				RefreshPlugins (99ms)
				BeforeProcessingInitializeOnLoad (21ms)
				ProcessInitializeOnLoadAttributes (102ms)
				ProcessInitializeOnLoadMethodAttributes (37ms)
				AfterProcessingInitializeOnLoad (0ms)
				EditorAssembliesLoaded (0ms)
			ExecutionOrderSort2 (0ms)
			AwakeInstancesAfterBackupRestoration (0ms)
Platform modules already initialized, skipping
Registering precompiled user dll's ...
Registered in 0.006175 seconds.
Begin MonoManager ReloadAssembly
Native extension for WindowsStandalone target not found
Refreshing native plugins compatible for Editor in 1.16 ms, found 5 plugins.
Preloading 0 native plugins for Editor in 0.00 ms.
Mono: successfully reloaded assembly
- Completed reload, in  1.698 seconds
Domain Reload Profiling:
	ReloadAssembly (1699ms)
		BeginReloadAssembly (181ms)
			ExecutionOrderSort (0ms)
			DisableScriptedObjects (6ms)
			BackupInstance (0ms)
			ReleaseScriptingObjects (0ms)
			CreateAndSetChildDomain (18ms)
		EndReloadAssembly (1440ms)
			LoadAssemblies (125ms)
			RebuildTransferFunctionScriptingTraits (0ms)
			SetupTypeCache (387ms)
			ReleaseScriptCaches (1ms)
			RebuildScriptCaches (71ms)
			SetupLoadedEditorAssemblies (729ms)
				LogAssemblyErrors (0ms)
				InitializePlatformSupportModulesInManaged (6ms)
				SetLoadedEditorAssemblies (1ms)
				RefreshPlugins (1ms)
				BeforeProcessingInitializeOnLoad (116ms)
				ProcessInitializeOnLoadAttributes (550ms)
				ProcessInitializeOnLoadMethodAttributes (51ms)
				AfterProcessingInitializeOnLoad (5ms)
				EditorAssembliesLoaded (0ms)
			ExecutionOrderSort2 (0ms)
			AwakeInstancesAfterBackupRestoration (9ms)
Platform modules already initialized, skipping
========================================================================
Worker process is ready to serve import requests
Launched and connected shader compiler UnityShaderCompiler.exe after 0.02 seconds
Refreshing native plugins compatible for Editor in 1.17 ms, found 5 plugins.
Preloading 0 native plugins for Editor in 0.00 ms.
Unloading 2250 Unused Serialized files (Serialized files now loaded: 0)
System memory in use before: 188.7 MB.
System memory in use after: 188.4 MB.

Unloading 78 unused Assets to reduce memory usage. Loaded Objects now: 2658.
Total: 8.279270 ms (FindLiveObjects: 0.244139 ms CreateObjectMapping: 0.094857 ms MarkObjects: 7.440800 ms  DeleteObjects: 0.497297 ms)

AssetImportParameters requested are different than current active one (requested -> active):
  custom:framework-win-MediaFoundation: 216162199b28c13a410421893ffa2e32 -> 
  custom:video-decoder-ogg-theora: a1e56fd34408186e4bbccfd4996cb3dc -> 
  custom:container-muxer-webm: aa71ff27fc2769a1b78a27578f13a17b -> 
  custom:container-demuxer-webm: 4f35f7cbe854078d1ac9338744f61a02 -> 
  custom:container-demuxer-ogg: 62fdf1f143b41e24485cea50d1cbac27 -> 
  custom:video-encoder-webm-vp8: eb34c28f22e8b96e1ab97ce403110664 -> 
  custom:video-decoder-webm-vp8: 9c59270c3fd7afecdb556c50c9e8de78 -> 
  custom:audio-decoder-ogg-vorbis: bf7c407c2cedff20999df2af8eb42d56 -> 
  custom:audio-encoder-webm-vorbis: bf7c407c2cedff20999df2af8eb42d56 -> 
========================================================================
Received Import Request.
  path: Assets/Prefabs/Gameplay/locations/scene_6.prefab
  artifactKey: Guid(1fd00ea0e59338c41834af941399c923) Importer(815301076,1909f56bfc062723c751e8b465ee728b)
Start importing Assets/Prefabs/Gameplay/locations/scene_6.prefab using Guid(1fd00ea0e59338c41834af941399c923) Importer(815301076,1909f56bfc062723c751e8b465ee728b)  -> (artifact id: 'cdb2cdb1348f0ba981f3e883fd3c0410') in 0.946254 seconds 
  Import took 0.993050 seconds .

========================================================================
Received Import Request.
  Time since last request: 0.089490 seconds.
  path: Assets/Prefabs/Gameplay/locations/scene_1.prefab
  artifactKey: Guid(cb8c0f25566be6940bfe237e58eb3b85) Importer(815301076,1909f56bfc062723c751e8b465ee728b)
Start importing Assets/Prefabs/Gameplay/locations/scene_1.prefab using Guid(cb8c0f25566be6940bfe237e58eb3b85) Importer(815301076,1909f56bfc062723c751e8b465ee728b)  -> (artifact id: '309c6017b0e8c33cca71ef278d94a447') in 0.395742 seconds 
  Import took 0.403581 seconds .

========================================================================
Received Import Request.
  Time since last request: 0.000232 seconds.
  path: Assets/Prefabs/Gameplay/locations/scene_1.prefab
  artifactKey: Guid(cb8c0f25566be6940bfe237e58eb3b85) Importer(815301076,1909f56bfc062723c751e8b465ee728b)
Start importing Assets/Prefabs/Gameplay/locations/scene_1.prefab using Guid(cb8c0f25566be6940bfe237e58eb3b85) Importer(815301076,1909f56bfc062723c751e8b465ee728b)  -> (artifact id: '46d17092cf01a6990f9c08c445b180eb') in 0.271942 seconds 
  Import took 0.279308 seconds .

========================================================================
Received Import Request.
  Time since last request: 0.000299 seconds.
  path: Assets/Prefabs/Gameplay/locations/scene_4.prefab
  artifactKey: Guid(7ce986a7710f3fe42a864af0717b8994) Importer(815301076,1909f56bfc062723c751e8b465ee728b)
Start importing Assets/Prefabs/Gameplay/locations/scene_4.prefab using Guid(7ce986a7710f3fe42a864af0717b8994) Importer(815301076,1909f56bfc062723c751e8b465ee728b)  -> (artifact id: 'f3f35bc6eb38b48a4769276d2b4f5baa') in 0.724326 seconds 
  Import took 0.760047 seconds .

========================================================================
Received Import Request.
  Time since last request: 0.000309 seconds.
  path: Assets/Prefabs/Gameplay/locations/scene_5.prefab
  artifactKey: Guid(62fe34a00bd1f954d93e18dbf37fcf41) Importer(815301076,1909f56bfc062723c751e8b465ee728b)
Start importing Assets/Prefabs/Gameplay/locations/scene_5.prefab using Guid(62fe34a00bd1f954d93e18dbf37fcf41) Importer(815301076,1909f56bfc062723c751e8b465ee728b)  -> (artifact id: 'dcc14e0203f45d288a0d57dfcd0633f5') in 0.381292 seconds 
  Import took 0.396574 seconds .

========================================================================
Received Import Request.
  Time since last request: 1.933473 seconds.
  path: Assets/Prefabs/Gameplay/locations/scene_1.prefab
  artifactKey: Guid(cb8c0f25566be6940bfe237e58eb3b85) Importer(815301076,1909f56bfc062723c751e8b465ee728b)
Start importing Assets/Prefabs/Gameplay/locations/scene_1.prefab using Guid(cb8c0f25566be6940bfe237e58eb3b85) Importer(815301076,1909f56bfc062723c751e8b465ee728b)  -> (artifact id: '9cc4c5c2f6ae9475181bef79982a1d40') in 0.272187 seconds 
  Import took 0.280264 seconds .

========================================================================
Received Import Request.
  Time since last request: 0.585201 seconds.
  path: Assets/Prefabs/Gameplay/locations/scene_1.prefab
  artifactKey: Guid(cb8c0f25566be6940bfe237e58eb3b85) Importer(815301076,1909f56bfc062723c751e8b465ee728b)
Start importing Assets/Prefabs/Gameplay/locations/scene_1.prefab using Guid(cb8c0f25566be6940bfe237e58eb3b85) Importer(815301076,1909f56bfc062723c751e8b465ee728b)  -> (artifact id: 'fc6c488973ae34a2ddae039a08e71fbb') in 0.287030 seconds 
  Import took 0.336658 seconds .

========================================================================
Received Prepare
Registering precompiled user dll's ...
Registered in 0.005977 seconds.
Begin MonoManager ReloadAssembly
Native extension for WindowsStandalone target not found
Refreshing native plugins compatible for Editor in 1.18 ms, found 5 plugins.
Preloading 0 native plugins for Editor in 0.00 ms.
Mono: successfully reloaded assembly
- Completed reload, in  1.551 seconds
Domain Reload Profiling:
	ReloadAssembly (1551ms)
		BeginReloadAssembly (123ms)
			ExecutionOrderSort (0ms)
			DisableScriptedObjects (8ms)
			BackupInstance (0ms)
			ReleaseScriptingObjects (0ms)
			CreateAndSetChildDomain (34ms)
		EndReloadAssembly (1353ms)
			LoadAssemblies (113ms)
			RebuildTransferFunctionScriptingTraits (0ms)
			SetupTypeCache (379ms)
			ReleaseScriptCaches (1ms)
			RebuildScriptCaches (58ms)
			SetupLoadedEditorAssemblies (664ms)
				LogAssemblyErrors (0ms)
				InitializePlatformSupportModulesInManaged (6ms)
				SetLoadedEditorAssemblies (1ms)
				RefreshPlugins (1ms)
				BeforeProcessingInitializeOnLoad (122ms)
				ProcessInitializeOnLoadAttributes (485ms)
				ProcessInitializeOnLoadMethodAttributes (44ms)
				AfterProcessingInitializeOnLoad (5ms)
				EditorAssembliesLoaded (0ms)
			ExecutionOrderSort2 (0ms)
			AwakeInstancesAfterBackupRestoration (9ms)
Platform modules already initialized, skipping
Switching build target platform(19) subTarget(0) extendedPlatform(0) -> platform(13) subTarget(589824) extendedPlatform(0)
Refreshing native plugins compatible for Editor in 1.16 ms, found 5 plugins.
Preloading 0 native plugins for Editor in 0.00 ms.
Unloading 2152 Unused Serialized files (Serialized files now loaded: 0)
System memory in use before: 181.4 MB.
System memory in use after: 181.1 MB.

Unloading 69 unused Assets to reduce memory usage. Loaded Objects now: 2671.
Total: 8.062189 ms (FindLiveObjects: 0.222058 ms CreateObjectMapping: 0.092680 ms MarkObjects: 7.276278 ms  DeleteObjects: 0.468996 ms)

AssetImportParameters requested are different than current active one (requested -> active):
  custom:framework-win-MediaFoundation: 216162199b28c13a410421893ffa2e32 -> 
  custom:video-decoder-ogg-theora: a1e56fd34408186e4bbccfd4996cb3dc -> 
  custom:container-muxer-webm: aa71ff27fc2769a1b78a27578f13a17b -> 
  custom:container-demuxer-webm: 4f35f7cbe854078d1ac9338744f61a02 -> 
  custom:container-demuxer-ogg: 62fdf1f143b41e24485cea50d1cbac27 -> 
  custom:video-encoder-webm-vp8: eb34c28f22e8b96e1ab97ce403110664 -> 
  custom:video-decoder-webm-vp8: 9c59270c3fd7afecdb556c50c9e8de78 -> 
  custom:graphics/normal-map-encoding: 01000000000000000000000000000000 -> 02000000000000000000000000000000
  custom:audio-decoder-ogg-vorbis: bf7c407c2cedff20999df2af8eb42d56 -> 
  custom:audio-encoder-webm-vorbis: bf7c407c2cedff20999df2af8eb42d56 -> 
========================================================================
Received Prepare
Registering precompiled user dll's ...
Registered in 0.006502 seconds.
Begin MonoManager ReloadAssembly
Native extension for WindowsStandalone target not found
Refreshing native plugins compatible for Editor in 2.01 ms, found 5 plugins.
Preloading 0 native plugins for Editor in 0.00 ms.
Mono: successfully reloaded assembly
- Completed reload, in  1.767 seconds
Domain Reload Profiling:
	ReloadAssembly (1768ms)
		BeginReloadAssembly (122ms)
			ExecutionOrderSort (0ms)
			DisableScriptedObjects (8ms)
			BackupInstance (0ms)
			ReleaseScriptingObjects (0ms)
			CreateAndSetChildDomain (33ms)
		EndReloadAssembly (1566ms)
			LoadAssemblies (143ms)
			RebuildTransferFunctionScriptingTraits (0ms)
			SetupTypeCache (476ms)
			ReleaseScriptCaches (1ms)
			RebuildScriptCaches (61ms)
			SetupLoadedEditorAssemblies (721ms)
				LogAssemblyErrors (0ms)
				InitializePlatformSupportModulesInManaged (9ms)
				SetLoadedEditorAssemblies (2ms)
				RefreshPlugins (2ms)
				BeforeProcessingInitializeOnLoad (126ms)
				ProcessInitializeOnLoadAttributes (533ms)
				ProcessInitializeOnLoadMethodAttributes (44ms)
				AfterProcessingInitializeOnLoad (5ms)
				EditorAssembliesLoaded (0ms)
			ExecutionOrderSort2 (0ms)
			AwakeInstancesAfterBackupRestoration (9ms)
Platform modules already initialized, skipping
Switching build target platform(19) subTarget(0) extendedPlatform(0) -> platform(13) subTarget(589824) extendedPlatform(0)
Refreshing native plugins compatible for Editor in 1.24 ms, found 5 plugins.
Preloading 0 native plugins for Editor in 0.00 ms.
Unloading 2152 Unused Serialized files (Serialized files now loaded: 0)
System memory in use before: 181.4 MB.
System memory in use after: 181.1 MB.

Unloading 69 unused Assets to reduce memory usage. Loaded Objects now: 2673.
Total: 8.150203 ms (FindLiveObjects: 0.222369 ms CreateObjectMapping: 0.089259 ms MarkObjects: 7.331326 ms  DeleteObjects: 0.505384 ms)

AssetImportParameters requested are different than current active one (requested -> active):
  custom:framework-win-MediaFoundation: 216162199b28c13a410421893ffa2e32 -> 
  custom:video-decoder-ogg-theora: a1e56fd34408186e4bbccfd4996cb3dc -> 
  custom:container-muxer-webm: aa71ff27fc2769a1b78a27578f13a17b -> 
  custom:container-demuxer-webm: 4f35f7cbe854078d1ac9338744f61a02 -> 
  custom:container-demuxer-ogg: 62fdf1f143b41e24485cea50d1cbac27 -> 
  custom:video-encoder-webm-vp8: eb34c28f22e8b96e1ab97ce403110664 -> 
  custom:video-decoder-webm-vp8: 9c59270c3fd7afecdb556c50c9e8de78 -> 
  custom:graphics/normal-map-encoding: 01000000000000000000000000000000 -> 02000000000000000000000000000000
  custom:audio-decoder-ogg-vorbis: bf7c407c2cedff20999df2af8eb42d56 -> 
  custom:audio-encoder-webm-vorbis: bf7c407c2cedff20999df2af8eb42d56 -> 
========================================================================
Received Prepare
Registering precompiled user dll's ...
Registered in 0.005659 seconds.
Begin MonoManager ReloadAssembly
Native extension for WindowsStandalone target not found
Refreshing native plugins compatible for Editor in 1.20 ms, found 5 plugins.
Preloading 0 native plugins for Editor in 0.00 ms.
Mono: successfully reloaded assembly
- Completed reload, in  1.509 seconds
Domain Reload Profiling:
	ReloadAssembly (1510ms)
		BeginReloadAssembly (119ms)
			ExecutionOrderSort (0ms)
			DisableScriptedObjects (8ms)
			BackupInstance (0ms)
			ReleaseScriptingObjects (0ms)
			CreateAndSetChildDomain (32ms)
		EndReloadAssembly (1316ms)
			LoadAssemblies (114ms)
			RebuildTransferFunctionScriptingTraits (0ms)
			SetupTypeCache (363ms)
			ReleaseScriptCaches (1ms)
			RebuildScriptCaches (59ms)
			SetupLoadedEditorAssemblies (583ms)
				LogAssemblyErrors (0ms)
				InitializePlatformSupportModulesInManaged (6ms)
				SetLoadedEditorAssemblies (1ms)
				RefreshPlugins (1ms)
				BeforeProcessingInitializeOnLoad (115ms)
				ProcessInitializeOnLoadAttributes (407ms)
				ProcessInitializeOnLoadMethodAttributes (47ms)
				AfterProcessingInitializeOnLoad (5ms)
				EditorAssembliesLoaded (0ms)
			ExecutionOrderSort2 (0ms)
			AwakeInstancesAfterBackupRestoration (10ms)
Platform modules already initialized, skipping
Switching build target platform(19) subTarget(0) extendedPlatform(0) -> platform(13) subTarget(589824) extendedPlatform(0)
Refreshing native plugins compatible for Editor in 1.34 ms, found 5 plugins.
Preloading 0 native plugins for Editor in 0.00 ms.
Unloading 2152 Unused Serialized files (Serialized files now loaded: 0)
System memory in use before: 181.5 MB.
System memory in use after: 181.2 MB.

Unloading 69 unused Assets to reduce memory usage. Loaded Objects now: 2675.
Total: 8.020514 ms (FindLiveObjects: 0.232321 ms CreateObjectMapping: 0.092369 ms MarkObjects: 7.152809 ms  DeleteObjects: 0.540838 ms)

AssetImportParameters requested are different than current active one (requested -> active):
  custom:framework-win-MediaFoundation: 216162199b28c13a410421893ffa2e32 -> 
  custom:video-decoder-ogg-theora: a1e56fd34408186e4bbccfd4996cb3dc -> 
  custom:container-muxer-webm: aa71ff27fc2769a1b78a27578f13a17b -> 
  custom:container-demuxer-webm: 4f35f7cbe854078d1ac9338744f61a02 -> 
  custom:container-demuxer-ogg: 62fdf1f143b41e24485cea50d1cbac27 -> 
  custom:video-encoder-webm-vp8: eb34c28f22e8b96e1ab97ce403110664 -> 
  custom:video-decoder-webm-vp8: 9c59270c3fd7afecdb556c50c9e8de78 -> 
  custom:graphics/normal-map-encoding: 01000000000000000000000000000000 -> 02000000000000000000000000000000
  custom:audio-decoder-ogg-vorbis: bf7c407c2cedff20999df2af8eb42d56 -> 
  custom:audio-encoder-webm-vorbis: bf7c407c2cedff20999df2af8eb42d56 -> 
========================================================================
Received Prepare
Registering precompiled user dll's ...
Registered in 0.006908 seconds.
Begin MonoManager ReloadAssembly
Native extension for WindowsStandalone target not found
Refreshing native plugins compatible for Editor in 1.74 ms, found 5 plugins.
Preloading 0 native plugins for Editor in 0.00 ms.
Mono: successfully reloaded assembly
- Completed reload, in  1.844 seconds
Domain Reload Profiling:
	ReloadAssembly (1844ms)
		BeginReloadAssembly (141ms)
			ExecutionOrderSort (0ms)
			DisableScriptedObjects (10ms)
			BackupInstance (0ms)
			ReleaseScriptingObjects (0ms)
			CreateAndSetChildDomain (40ms)
		EndReloadAssembly (1613ms)
			LoadAssemblies (173ms)
			RebuildTransferFunctionScriptingTraits (0ms)
			SetupTypeCache (400ms)
			ReleaseScriptCaches (1ms)
			RebuildScriptCaches (64ms)
			SetupLoadedEditorAssemblies (808ms)
				LogAssemblyErrors (0ms)
				InitializePlatformSupportModulesInManaged (7ms)
				SetLoadedEditorAssemblies (1ms)
				RefreshPlugins (2ms)
				BeforeProcessingInitializeOnLoad (126ms)
				ProcessInitializeOnLoadAttributes (622ms)
				ProcessInitializeOnLoadMethodAttributes (44ms)
				AfterProcessingInitializeOnLoad (5ms)
				EditorAssembliesLoaded (0ms)
			ExecutionOrderSort2 (0ms)
			AwakeInstancesAfterBackupRestoration (10ms)
Platform modules already initialized, skipping
Switching build target platform(19) subTarget(0) extendedPlatform(0) -> platform(13) subTarget(589824) extendedPlatform(0)
Refreshing native plugins compatible for Editor in 1.21 ms, found 5 plugins.
Preloading 0 native plugins for Editor in 0.00 ms.
Unloading 2152 Unused Serialized files (Serialized files now loaded: 0)
System memory in use before: 181.5 MB.
System memory in use after: 181.2 MB.

Unloading 69 unused Assets to reduce memory usage. Loaded Objects now: 2677.
Total: 8.427620 ms (FindLiveObjects: 0.224546 ms CreateObjectMapping: 0.093302 ms MarkObjects: 7.604700 ms  DeleteObjects: 0.502895 ms)

AssetImportParameters requested are different than current active one (requested -> active):
  custom:framework-win-MediaFoundation: 216162199b28c13a410421893ffa2e32 -> 
  custom:video-decoder-ogg-theora: a1e56fd34408186e4bbccfd4996cb3dc -> 
  custom:container-muxer-webm: aa71ff27fc2769a1b78a27578f13a17b -> 
  custom:container-demuxer-webm: 4f35f7cbe854078d1ac9338744f61a02 -> 
  custom:container-demuxer-ogg: 62fdf1f143b41e24485cea50d1cbac27 -> 
  custom:video-encoder-webm-vp8: eb34c28f22e8b96e1ab97ce403110664 -> 
  custom:video-decoder-webm-vp8: 9c59270c3fd7afecdb556c50c9e8de78 -> 
  custom:graphics/normal-map-encoding: 01000000000000000000000000000000 -> 02000000000000000000000000000000
  custom:audio-decoder-ogg-vorbis: bf7c407c2cedff20999df2af8eb42d56 -> 
  custom:audio-encoder-webm-vorbis: bf7c407c2cedff20999df2af8eb42d56 -> 
========================================================================
Received Import Request.
  Time since last request: 307.803916 seconds.
  path: Assets/Epic Toon FX/Materials/Basics/sparkle_AB.mat
  artifactKey: Guid(4408abb7a30b61a4a9a19dbb5f761d2b) Importer(815301076,1909f56bfc062723c751e8b465ee728b)
Start importing Assets/Epic Toon FX/Materials/Basics/sparkle_AB.mat using Guid(4408abb7a30b61a4a9a19dbb5f761d2b) Importer(815301076,1909f56bfc062723c751e8b465ee728b)  -> (artifact id: '5562014c3c5699c6846194b655993140') in 0.099271 seconds 
  Import took 0.103954 seconds .

========================================================================
Received Prepare
Registering precompiled user dll's ...
Registered in 0.006356 seconds.
Begin MonoManager ReloadAssembly
Native extension for WindowsStandalone target not found
Refreshing native plugins compatible for Editor in 1.56 ms, found 5 plugins.
Preloading 0 native plugins for Editor in 0.00 ms.
Mono: successfully reloaded assembly
- Completed reload, in  1.617 seconds
Domain Reload Profiling:
	ReloadAssembly (1618ms)
		BeginReloadAssembly (134ms)
			ExecutionOrderSort (0ms)
			DisableScriptedObjects (7ms)
			BackupInstance (0ms)
			ReleaseScriptingObjects (0ms)
			CreateAndSetChildDomain (43ms)
		EndReloadAssembly (1403ms)
			LoadAssemblies (123ms)
			RebuildTransferFunctionScriptingTraits (0ms)
			SetupTypeCache (384ms)
			ReleaseScriptCaches (1ms)
			RebuildScriptCaches (62ms)
			SetupLoadedEditorAssemblies (667ms)
				LogAssemblyErrors (0ms)
				InitializePlatformSupportModulesInManaged (7ms)
				SetLoadedEditorAssemblies (1ms)
				RefreshPlugins (2ms)
				BeforeProcessingInitializeOnLoad (137ms)
				ProcessInitializeOnLoadAttributes (468ms)
				ProcessInitializeOnLoadMethodAttributes (48ms)
				AfterProcessingInitializeOnLoad (5ms)
				EditorAssembliesLoaded (0ms)
			ExecutionOrderSort2 (0ms)
			AwakeInstancesAfterBackupRestoration (10ms)
Platform modules already initialized, skipping
Switching build target platform(19) subTarget(0) extendedPlatform(0) -> platform(13) subTarget(589824) extendedPlatform(0)
Refreshing native plugins compatible for Editor in 1.26 ms, found 5 plugins.
Preloading 0 native plugins for Editor in 0.00 ms.
Unloading 2152 Unused Serialized files (Serialized files now loaded: 0)
System memory in use before: 181.6 MB.
System memory in use after: 181.4 MB.

Unloading 69 unused Assets to reduce memory usage. Loaded Objects now: 2712.
Total: 8.562907 ms (FindLiveObjects: 0.256890 ms CreateObjectMapping: 0.096412 ms MarkObjects: 7.666590 ms  DeleteObjects: 0.541460 ms)

AssetImportParameters requested are different than current active one (requested -> active):
  custom:framework-win-MediaFoundation: 216162199b28c13a410421893ffa2e32 -> 
  custom:video-decoder-ogg-theora: a1e56fd34408186e4bbccfd4996cb3dc -> 
  custom:container-muxer-webm: aa71ff27fc2769a1b78a27578f13a17b -> 
  custom:container-demuxer-webm: 4f35f7cbe854078d1ac9338744f61a02 -> 
  custom:container-demuxer-ogg: 62fdf1f143b41e24485cea50d1cbac27 -> 
  custom:video-encoder-webm-vp8: eb34c28f22e8b96e1ab97ce403110664 -> 
  custom:video-decoder-webm-vp8: 9c59270c3fd7afecdb556c50c9e8de78 -> 
  custom:graphics/normal-map-encoding: 01000000000000000000000000000000 -> 02000000000000000000000000000000
  custom:audio-decoder-ogg-vorbis: bf7c407c2cedff20999df2af8eb42d56 -> 
  custom:audio-encoder-webm-vorbis: bf7c407c2cedff20999df2af8eb42d56 -> 
========================================================================
Received Import Request.
  Time since last request: 22.467167 seconds.
  path: Assets/Prefabs/Particle/Emojy/EmojiCool.prefab
  artifactKey: Guid(69359de5f8759454bbfe449e619129bc) Importer(815301076,1909f56bfc062723c751e8b465ee728b)
Start importing Assets/Prefabs/Particle/Emojy/EmojiCool.prefab using Guid(69359de5f8759454bbfe449e619129bc) Importer(815301076,1909f56bfc062723c751e8b465ee728b)  -> (artifact id: 'b0c98f5e81e2bc85268646a7f2633f37') in 0.093699 seconds 
  Import took 0.144209 seconds .

========================================================================
Received Import Request.
  Time since last request: 2.384253 seconds.
  path: Assets/Prefabs/Particle/Emojy/EmojiCool.prefab
  artifactKey: Guid(69359de5f8759454bbfe449e619129bc) Importer(815301076,1909f56bfc062723c751e8b465ee728b)
Start importing Assets/Prefabs/Particle/Emojy/EmojiCool.prefab using Guid(69359de5f8759454bbfe449e619129bc) Importer(815301076,1909f56bfc062723c751e8b465ee728b)  -> (artifact id: '63681852e1eb044e793fb5a9b8ebb2a6') in 0.038212 seconds 
  Import took 0.043257 seconds .

========================================================================
Received Import Request.
  Time since last request: 2.223600 seconds.
  path: Assets/Prefabs/Particle/Emojy/EmojiCool.prefab
  artifactKey: Guid(69359de5f8759454bbfe449e619129bc) Importer(815301076,1909f56bfc062723c751e8b465ee728b)
Start importing Assets/Prefabs/Particle/Emojy/EmojiCool.prefab using Guid(69359de5f8759454bbfe449e619129bc) Importer(815301076,1909f56bfc062723c751e8b465ee728b)  -> (artifact id: 'ac5af2e35c74f60434101b4f03f426f9') in 0.036642 seconds 
  Import took 0.042162 seconds .

========================================================================
Received Import Request.
  Time since last request: 12.588351 seconds.
  path: Assets/Prefabs/Particle/Emojy/EmojiCool.prefab
  artifactKey: Guid(69359de5f8759454bbfe449e619129bc) Importer(815301076,1909f56bfc062723c751e8b465ee728b)
Start importing Assets/Prefabs/Particle/Emojy/EmojiCool.prefab using Guid(69359de5f8759454bbfe449e619129bc) Importer(815301076,1909f56bfc062723c751e8b465ee728b)  -> (artifact id: '24e24abfe1bcd5730f76ec319e928995') in 0.036328 seconds 
  Import took 0.041694 seconds .

========================================================================
Received Import Request.
  Time since last request: 6.270475 seconds.
  path: Assets/Prefabs/Particle/Emojy/EmojiCool.prefab
  artifactKey: Guid(69359de5f8759454bbfe449e619129bc) Importer(815301076,1909f56bfc062723c751e8b465ee728b)
Start importing Assets/Prefabs/Particle/Emojy/EmojiCool.prefab using Guid(69359de5f8759454bbfe449e619129bc) Importer(815301076,1909f56bfc062723c751e8b465ee728b)  -> (artifact id: 'e3036a1cdb373590a866fe706a5e0e1d') in 0.036371 seconds 
  Import took 0.041478 seconds .

========================================================================
Received Import Request.
  Time since last request: 0.799571 seconds.
  path: Assets/Prefabs/Particle/Emojy/EmojiCool.prefab
  artifactKey: Guid(69359de5f8759454bbfe449e619129bc) Importer(815301076,1909f56bfc062723c751e8b465ee728b)
Start importing Assets/Prefabs/Particle/Emojy/EmojiCool.prefab using Guid(69359de5f8759454bbfe449e619129bc) Importer(815301076,1909f56bfc062723c751e8b465ee728b)  -> (artifact id: 'e06f07d62bdb30a7242745cb0ab77cf3') in 0.032359 seconds 
  Import took 0.037345 seconds .

========================================================================
Received Import Request.
  Time since last request: 2.024271 seconds.
  path: Assets/Prefabs/Particle/Emojy/EmojiCool.prefab
  artifactKey: Guid(69359de5f8759454bbfe449e619129bc) Importer(815301076,1909f56bfc062723c751e8b465ee728b)
Start importing Assets/Prefabs/Particle/Emojy/EmojiCool.prefab using Guid(69359de5f8759454bbfe449e619129bc) Importer(815301076,1909f56bfc062723c751e8b465ee728b)  -> (artifact id: '9f25a57530c91001da8696401626f27d') in 0.047831 seconds 
  Import took 0.058677 seconds .

========================================================================
Received Import Request.
  Time since last request: 10.970303 seconds.
  path: Assets/Prefabs/Particle/Emojy/EmojiCute.prefab
  artifactKey: Guid(09a90e7eaae91f341bcffca8790b850b) Importer(815301076,1909f56bfc062723c751e8b465ee728b)
Start importing Assets/Prefabs/Particle/Emojy/EmojiCute.prefab using Guid(09a90e7eaae91f341bcffca8790b850b) Importer(815301076,1909f56bfc062723c751e8b465ee728b)  -> (artifact id: 'bfe57153b616e58f6f00c3f6c2fe0847') in 0.032991 seconds 
  Import took 0.051320 seconds .

========================================================================
Received Import Request.
  Time since last request: 0.749853 seconds.
  path: Assets/Prefabs/Particle/Emojy/EmojiCute.prefab
  artifactKey: Guid(09a90e7eaae91f341bcffca8790b850b) Importer(815301076,1909f56bfc062723c751e8b465ee728b)
Start importing Assets/Prefabs/Particle/Emojy/EmojiCute.prefab using Guid(09a90e7eaae91f341bcffca8790b850b) Importer(815301076,1909f56bfc062723c751e8b465ee728b)  -> (artifact id: 'ce8b19973c8311be9121f5e24d1810ee') in 0.031518 seconds 
  Import took 0.036020 seconds .

========================================================================
Received Import Request.
  Time since last request: 0.580476 seconds.
  path: Assets/Prefabs/Particle/Emojy/EmojiCute.prefab
  artifactKey: Guid(09a90e7eaae91f341bcffca8790b850b) Importer(815301076,1909f56bfc062723c751e8b465ee728b)
Start importing Assets/Prefabs/Particle/Emojy/EmojiCute.prefab using Guid(09a90e7eaae91f341bcffca8790b850b) Importer(815301076,1909f56bfc062723c751e8b465ee728b)  -> (artifact id: 'ebd08a1ff0f724bbd1d53ff7b371398c') in 0.030313 seconds 
  Import took 0.035119 seconds .

========================================================================
Received Import Request.
  Time since last request: 4.347683 seconds.
  path: Assets/Prefabs/Particle/Emojy/EmojiDerp.prefab
  artifactKey: Guid(8a023b9610c630a4fa236b181e81d652) Importer(815301076,1909f56bfc062723c751e8b465ee728b)
Start importing Assets/Prefabs/Particle/Emojy/EmojiDerp.prefab using Guid(8a023b9610c630a4fa236b181e81d652) Importer(815301076,1909f56bfc062723c751e8b465ee728b)  -> (artifact id: 'e3669ca9823e33b2592c3102d72a1b4d') in 0.031837 seconds 
  Import took 0.051150 seconds .

========================================================================
Received Import Request.
  Time since last request: 0.800988 seconds.
  path: Assets/Prefabs/Particle/Emojy/EmojiDerp.prefab
  artifactKey: Guid(8a023b9610c630a4fa236b181e81d652) Importer(815301076,1909f56bfc062723c751e8b465ee728b)
Start importing Assets/Prefabs/Particle/Emojy/EmojiDerp.prefab using Guid(8a023b9610c630a4fa236b181e81d652) Importer(815301076,1909f56bfc062723c751e8b465ee728b)  -> (artifact id: 'b465369d4d18a14908df0bdc0c9914d9') in 0.028570 seconds 
  Import took 0.034035 seconds .

========================================================================
Received Import Request.
  Time since last request: 0.554286 seconds.
  path: Assets/Prefabs/Particle/Emojy/EmojiDerp.prefab
  artifactKey: Guid(8a023b9610c630a4fa236b181e81d652) Importer(815301076,1909f56bfc062723c751e8b465ee728b)
Start importing Assets/Prefabs/Particle/Emojy/EmojiDerp.prefab using Guid(8a023b9610c630a4fa236b181e81d652) Importer(815301076,1909f56bfc062723c751e8b465ee728b)  -> (artifact id: 'aa9b5fc411518ae8faf4c2b0178f51e7') in 0.030057 seconds 
  Import took 0.034840 seconds .

========================================================================
Received Import Request.
  Time since last request: 2.425912 seconds.
  path: Assets/Prefabs/Particle/Emojy/EmojiDerp.prefab
  artifactKey: Guid(8a023b9610c630a4fa236b181e81d652) Importer(815301076,1909f56bfc062723c751e8b465ee728b)
Start importing Assets/Prefabs/Particle/Emojy/EmojiDerp.prefab using Guid(8a023b9610c630a4fa236b181e81d652) Importer(815301076,1909f56bfc062723c751e8b465ee728b)  -> (artifact id: '8a2dd739e4d37d6b4505f1cf546b91c7') in 0.052025 seconds 
  Import took 0.060589 seconds .

========================================================================
Received Import Request.
  Time since last request: 2.810065 seconds.
  path: Assets/Prefabs/Particle/Emojy/EmojiDerp.prefab
  artifactKey: Guid(8a023b9610c630a4fa236b181e81d652) Importer(815301076,1909f56bfc062723c751e8b465ee728b)
Start importing Assets/Prefabs/Particle/Emojy/EmojiDerp.prefab using Guid(8a023b9610c630a4fa236b181e81d652) Importer(815301076,1909f56bfc062723c751e8b465ee728b)  -> (artifact id: 'f024c28b0f512210c6784ee0baa23ab7') in 0.030232 seconds 
  Import took 0.035276 seconds .

========================================================================
Received Import Request.
  Time since last request: 5.471628 seconds.
  path: Assets/Prefabs/Particle/Emojy/EmojiEvilLaugh.prefab
  artifactKey: Guid(5cc0cca5fc93dfc439639c1333bd23d2) Importer(815301076,1909f56bfc062723c751e8b465ee728b)
Start importing Assets/Prefabs/Particle/Emojy/EmojiEvilLaugh.prefab using Guid(5cc0cca5fc93dfc439639c1333bd23d2) Importer(815301076,1909f56bfc062723c751e8b465ee728b)  -> (artifact id: '660977cd1ab5d429a2746844baad723e') in 0.036548 seconds 
  Import took 0.041579 seconds .

========================================================================
Received Import Request.
  Time since last request: 0.777776 seconds.
  path: Assets/Prefabs/Particle/Emojy/EmojiEvilLaugh.prefab
  artifactKey: Guid(5cc0cca5fc93dfc439639c1333bd23d2) Importer(815301076,1909f56bfc062723c751e8b465ee728b)
Start importing Assets/Prefabs/Particle/Emojy/EmojiEvilLaugh.prefab using Guid(5cc0cca5fc93dfc439639c1333bd23d2) Importer(815301076,1909f56bfc062723c751e8b465ee728b)  -> (artifact id: '748acb441ee610c9e2a7c3240c12b5ea') in 0.050304 seconds 
  Import took 0.072591 seconds .

========================================================================
Received Import Request.
  Time since last request: 0.577635 seconds.
  path: Assets/Prefabs/Particle/Emojy/EmojiEvilLaugh.prefab
  artifactKey: Guid(5cc0cca5fc93dfc439639c1333bd23d2) Importer(815301076,1909f56bfc062723c751e8b465ee728b)
Start importing Assets/Prefabs/Particle/Emojy/EmojiEvilLaugh.prefab using Guid(5cc0cca5fc93dfc439639c1333bd23d2) Importer(815301076,1909f56bfc062723c751e8b465ee728b)  -> (artifact id: '6508816fe2d49e83b5e2b76d8b0cca62') in 0.034440 seconds 
  Import took 0.039463 seconds .

========================================================================
Received Import Request.
  Time since last request: 1.175896 seconds.
  path: Assets/Prefabs/Particle/Emojy/EmojiEvilLaugh.prefab
  artifactKey: Guid(5cc0cca5fc93dfc439639c1333bd23d2) Importer(815301076,1909f56bfc062723c751e8b465ee728b)
Start importing Assets/Prefabs/Particle/Emojy/EmojiEvilLaugh.prefab using Guid(5cc0cca5fc93dfc439639c1333bd23d2) Importer(815301076,1909f56bfc062723c751e8b465ee728b)  -> (artifact id: 'b98db08bafd7322003b3d5e7e8ce2fb6') in 0.036020 seconds 
  Import took 0.041754 seconds .

========================================================================
Received Import Request.
  Time since last request: 0.567106 seconds.
  path: Assets/Prefabs/Particle/Emojy/EmojiEvilLaugh.prefab
  artifactKey: Guid(5cc0cca5fc93dfc439639c1333bd23d2) Importer(815301076,1909f56bfc062723c751e8b465ee728b)
Start importing Assets/Prefabs/Particle/Emojy/EmojiEvilLaugh.prefab using Guid(5cc0cca5fc93dfc439639c1333bd23d2) Importer(815301076,1909f56bfc062723c751e8b465ee728b)  -> (artifact id: '4aef6f53b4a1ca091744a6310aabe336') in 0.035127 seconds 
  Import took 0.039960 seconds .

========================================================================
Received Import Request.
  Time since last request: 1.569334 seconds.
  path: Assets/Prefabs/Particle/Emojy/EmojiEvilLaugh.prefab
  artifactKey: Guid(5cc0cca5fc93dfc439639c1333bd23d2) Importer(815301076,1909f56bfc062723c751e8b465ee728b)
Start importing Assets/Prefabs/Particle/Emojy/EmojiEvilLaugh.prefab using Guid(5cc0cca5fc93dfc439639c1333bd23d2) Importer(815301076,1909f56bfc062723c751e8b465ee728b)  -> (artifact id: 'fe0f82dfc8a855f0378ab7e55979fad0') in 0.037606 seconds 
  Import took 0.042565 seconds .

========================================================================
Received Import Request.
  Time since last request: 4.035803 seconds.
  path: Assets/Prefabs/Particle/Emojy/EmojiHappy.prefab
  artifactKey: Guid(f4c8701a23629b64fb9b7f03930743ae) Importer(815301076,1909f56bfc062723c751e8b465ee728b)
Start importing Assets/Prefabs/Particle/Emojy/EmojiHappy.prefab using Guid(f4c8701a23629b64fb9b7f03930743ae) Importer(815301076,1909f56bfc062723c751e8b465ee728b)  -> (artifact id: '014d219d387bc3c2c8f4a4f93c07f81c') in 0.031340 seconds 
  Import took 0.036027 seconds .

========================================================================
Received Import Request.
  Time since last request: 0.781190 seconds.
  path: Assets/Prefabs/Particle/Emojy/EmojiHappy.prefab
  artifactKey: Guid(f4c8701a23629b64fb9b7f03930743ae) Importer(815301076,1909f56bfc062723c751e8b465ee728b)
Start importing Assets/Prefabs/Particle/Emojy/EmojiHappy.prefab using Guid(f4c8701a23629b64fb9b7f03930743ae) Importer(815301076,1909f56bfc062723c751e8b465ee728b)  -> (artifact id: '16ced3025fcad5200f021c47050a7069') in 0.032450 seconds 
  Import took 0.037359 seconds .

========================================================================
Received Import Request.
  Time since last request: 0.363146 seconds.
  path: Assets/Prefabs/Particle/Emojy/EmojiHappy.prefab
  artifactKey: Guid(f4c8701a23629b64fb9b7f03930743ae) Importer(815301076,1909f56bfc062723c751e8b465ee728b)
Start importing Assets/Prefabs/Particle/Emojy/EmojiHappy.prefab using Guid(f4c8701a23629b64fb9b7f03930743ae) Importer(815301076,1909f56bfc062723c751e8b465ee728b)  -> (artifact id: '1ae7a647ab0f79cdeed0fe6eb71b1b1b') in 0.030487 seconds 
  Import took 0.036375 seconds .

========================================================================
Received Import Request.
  Time since last request: 1.197297 seconds.
  path: Assets/Prefabs/Particle/Emojy/EmojiHappy.prefab
  artifactKey: Guid(f4c8701a23629b64fb9b7f03930743ae) Importer(815301076,1909f56bfc062723c751e8b465ee728b)
Start importing Assets/Prefabs/Particle/Emojy/EmojiHappy.prefab using Guid(f4c8701a23629b64fb9b7f03930743ae) Importer(815301076,1909f56bfc062723c751e8b465ee728b)  -> (artifact id: 'e3f34687054bc8a543204590668a72d6') in 0.093890 seconds 
  Import took 0.099007 seconds .

========================================================================
Received Import Request.
  Time since last request: 0.340223 seconds.
  path: Assets/Prefabs/Particle/Emojy/EmojiHappy.prefab
  artifactKey: Guid(f4c8701a23629b64fb9b7f03930743ae) Importer(815301076,1909f56bfc062723c751e8b465ee728b)
Start importing Assets/Prefabs/Particle/Emojy/EmojiHappy.prefab using Guid(f4c8701a23629b64fb9b7f03930743ae) Importer(815301076,1909f56bfc062723c751e8b465ee728b)  -> (artifact id: 'e393f2fda00a0f8ba0d929e1eba6c1a8') in 0.031688 seconds 
  Import took 0.036891 seconds .

========================================================================
Received Import Request.
  Time since last request: 0.143009 seconds.
  path: Assets/Prefabs/Particle/Emojy/EmojiHappy.prefab
  artifactKey: Guid(f4c8701a23629b64fb9b7f03930743ae) Importer(815301076,1909f56bfc062723c751e8b465ee728b)
Start importing Assets/Prefabs/Particle/Emojy/EmojiHappy.prefab using Guid(f4c8701a23629b64fb9b7f03930743ae) Importer(815301076,1909f56bfc062723c751e8b465ee728b)  -> (artifact id: '5226dee2d2c99aae89eb60fc8c8334fb') in 0.032374 seconds 
  Import took 0.037106 seconds .

========================================================================
Received Import Request.
  Time since last request: 4.427852 seconds.
  path: Assets/Prefabs/Particle/Emojy/EmojiKiss.prefab
  artifactKey: Guid(3a1dd40f2c911e541afb98fc9829ec06) Importer(815301076,1909f56bfc062723c751e8b465ee728b)
Start importing Assets/Prefabs/Particle/Emojy/EmojiKiss.prefab using Guid(3a1dd40f2c911e541afb98fc9829ec06) Importer(815301076,1909f56bfc062723c751e8b465ee728b)  -> (artifact id: '4827ed061ecbe5ccb0a926d4eac4ca8f') in 0.039564 seconds 
  Import took 0.045117 seconds .

========================================================================
Received Import Request.
  Time since last request: 0.005196 seconds.
  path: Assets/Prefabs/Particle/Emojy/EmojiKiss.prefab
  artifactKey: Guid(3a1dd40f2c911e541afb98fc9829ec06) Importer(815301076,1909f56bfc062723c751e8b465ee728b)
Start importing Assets/Prefabs/Particle/Emojy/EmojiKiss.prefab using Guid(3a1dd40f2c911e541afb98fc9829ec06) Importer(815301076,1909f56bfc062723c751e8b465ee728b)  -> (artifact id: '4827ed061ecbe5ccb0a926d4eac4ca8f') in 0.034444 seconds 
  Import took 0.039217 seconds .

========================================================================
Received Import Request.
  Time since last request: 0.118103 seconds.
  path: Assets/Prefabs/Particle/Emojy/EmojiKiss.prefab
  artifactKey: Guid(3a1dd40f2c911e541afb98fc9829ec06) Importer(815301076,1909f56bfc062723c751e8b465ee728b)
Start importing Assets/Prefabs/Particle/Emojy/EmojiKiss.prefab using Guid(3a1dd40f2c911e541afb98fc9829ec06) Importer(815301076,1909f56bfc062723c751e8b465ee728b)  -> (artifact id: 'c31872fd05518919d33cc06eb6ce96f9') in 0.034566 seconds 
  Import took 0.039373 seconds .

========================================================================
Received Import Request.
  Time since last request: 0.567940 seconds.
  path: Assets/Prefabs/Particle/Emojy/EmojiKiss.prefab
  artifactKey: Guid(3a1dd40f2c911e541afb98fc9829ec06) Importer(815301076,1909f56bfc062723c751e8b465ee728b)
Start importing Assets/Prefabs/Particle/Emojy/EmojiKiss.prefab using Guid(3a1dd40f2c911e541afb98fc9829ec06) Importer(815301076,1909f56bfc062723c751e8b465ee728b)  -> (artifact id: '3f37e5664a7c31ecab3a2d16cf3d7aed') in 0.035684 seconds 
  Import took 0.040721 seconds .

========================================================================
Received Import Request.
  Time since last request: 0.791158 seconds.
  path: Assets/Prefabs/Particle/Emojy/EmojiKiss.prefab
  artifactKey: Guid(3a1dd40f2c911e541afb98fc9829ec06) Importer(815301076,1909f56bfc062723c751e8b465ee728b)
Start importing Assets/Prefabs/Particle/Emojy/EmojiKiss.prefab using Guid(3a1dd40f2c911e541afb98fc9829ec06) Importer(815301076,1909f56bfc062723c751e8b465ee728b)  -> (artifact id: 'c521d19b997eda7411063c7e2de94e23') in 0.036423 seconds 
  Import took 0.041393 seconds .

========================================================================
Received Import Request.
  Time since last request: 0.985261 seconds.
  path: Assets/Prefabs/Particle/Emojy/EmojiKiss.prefab
  artifactKey: Guid(3a1dd40f2c911e541afb98fc9829ec06) Importer(815301076,1909f56bfc062723c751e8b465ee728b)
Start importing Assets/Prefabs/Particle/Emojy/EmojiKiss.prefab using Guid(3a1dd40f2c911e541afb98fc9829ec06) Importer(815301076,1909f56bfc062723c751e8b465ee728b)  -> (artifact id: 'da55828217669d8d5fc54704a8a65024') in 0.035503 seconds 
  Import took 0.094222 seconds .

========================================================================
Received Import Request.
  Time since last request: 3.553051 seconds.
  path: Assets/Prefabs/Particle/Emojy/EmojiKissyface.prefab
  artifactKey: Guid(d013877b48ac7614996230588c20bdd4) Importer(815301076,1909f56bfc062723c751e8b465ee728b)
Start importing Assets/Prefabs/Particle/Emojy/EmojiKissyface.prefab using Guid(d013877b48ac7614996230588c20bdd4) Importer(815301076,1909f56bfc062723c751e8b465ee728b)  -> (artifact id: '9448f60e42bb038e6ea27e49421370dd') in 0.035414 seconds 
  Import took 0.040156 seconds .

========================================================================
Received Import Request.
  Time since last request: 0.139621 seconds.
  path: Assets/Prefabs/Particle/Emojy/EmojiKissyface.prefab
  artifactKey: Guid(d013877b48ac7614996230588c20bdd4) Importer(815301076,1909f56bfc062723c751e8b465ee728b)
Start importing Assets/Prefabs/Particle/Emojy/EmojiKissyface.prefab using Guid(d013877b48ac7614996230588c20bdd4) Importer(815301076,1909f56bfc062723c751e8b465ee728b)  -> (artifact id: '484722f6e131c5c25e7677383db106aa') in 0.035780 seconds 
  Import took 0.040595 seconds .

========================================================================
Received Import Request.
  Time since last request: 0.966392 seconds.
  path: Assets/Prefabs/Particle/Emojy/EmojiKissyface.prefab
  artifactKey: Guid(d013877b48ac7614996230588c20bdd4) Importer(815301076,1909f56bfc062723c751e8b465ee728b)
Start importing Assets/Prefabs/Particle/Emojy/EmojiKissyface.prefab using Guid(d013877b48ac7614996230588c20bdd4) Importer(815301076,1909f56bfc062723c751e8b465ee728b)  -> (artifact id: '56f787af4833f851174221d13f03dc8c') in 0.035260 seconds 
  Import took 0.040473 seconds .

========================================================================
Received Import Request.
  Time since last request: 0.001866 seconds.
  path: Assets/Prefabs/Particle/Emojy/EmojiKissyface.prefab
  artifactKey: Guid(d013877b48ac7614996230588c20bdd4) Importer(815301076,1909f56bfc062723c751e8b465ee728b)
Start importing Assets/Prefabs/Particle/Emojy/EmojiKissyface.prefab using Guid(d013877b48ac7614996230588c20bdd4) Importer(815301076,1909f56bfc062723c751e8b465ee728b)  -> (artifact id: '56f787af4833f851174221d13f03dc8c') in 0.035939 seconds 
  Import took 0.040953 seconds .

========================================================================
Received Import Request.
  Time since last request: 0.750309 seconds.
  path: Assets/Prefabs/Particle/Emojy/EmojiKissyface.prefab
  artifactKey: Guid(d013877b48ac7614996230588c20bdd4) Importer(815301076,1909f56bfc062723c751e8b465ee728b)
Start importing Assets/Prefabs/Particle/Emojy/EmojiKissyface.prefab using Guid(d013877b48ac7614996230588c20bdd4) Importer(815301076,1909f56bfc062723c751e8b465ee728b)  -> (artifact id: 'c14c020397671cdee79303533310a51a') in 0.035157 seconds 
  Import took 0.039938 seconds .

========================================================================
Received Import Request.
  Time since last request: 6.195719 seconds.
  path: Assets/Prefabs/Particle/Emojy/EmojiOwOEyebrow.prefab
  artifactKey: Guid(f57e08d89488661418c34eff8421ba63) Importer(815301076,1909f56bfc062723c751e8b465ee728b)
Start importing Assets/Prefabs/Particle/Emojy/EmojiOwOEyebrow.prefab using Guid(f57e08d89488661418c34eff8421ba63) Importer(815301076,1909f56bfc062723c751e8b465ee728b)  -> (artifact id: '2377d0e89139d2b85f9652552577ce4a') in 0.036790 seconds 
  Import took 0.042142 seconds .

========================================================================
Received Import Request.
  Time since last request: 0.584502 seconds.
  path: Assets/Prefabs/Particle/Emojy/EmojiOwOEyebrow.prefab
  artifactKey: Guid(f57e08d89488661418c34eff8421ba63) Importer(815301076,1909f56bfc062723c751e8b465ee728b)
Start importing Assets/Prefabs/Particle/Emojy/EmojiOwOEyebrow.prefab using Guid(f57e08d89488661418c34eff8421ba63) Importer(815301076,1909f56bfc062723c751e8b465ee728b)  -> (artifact id: '4c65be746179540b54c02845ff48f18b') in 0.031940 seconds 
  Import took 0.037820 seconds .

========================================================================
Received Import Request.
  Time since last request: 0.779571 seconds.
  path: Assets/Prefabs/Particle/Emojy/EmojiOwOEyebrow.prefab
  artifactKey: Guid(f57e08d89488661418c34eff8421ba63) Importer(815301076,1909f56bfc062723c751e8b465ee728b)
Start importing Assets/Prefabs/Particle/Emojy/EmojiOwOEyebrow.prefab using Guid(f57e08d89488661418c34eff8421ba63) Importer(815301076,1909f56bfc062723c751e8b465ee728b)  -> (artifact id: '99554bd4b34dd23f697b1543c76b7c55') in 0.038689 seconds 
  Import took 0.043367 seconds .

========================================================================
Received Import Request.
  Time since last request: 5.573299 seconds.
  path: Assets/Prefabs/Particle/Emojy/EmojiPoop.prefab
  artifactKey: Guid(edd370375e09e0c42b2d890b1b52f38b) Importer(815301076,1909f56bfc062723c751e8b465ee728b)
Start importing Assets/Prefabs/Particle/Emojy/EmojiPoop.prefab using Guid(edd370375e09e0c42b2d890b1b52f38b) Importer(815301076,1909f56bfc062723c751e8b465ee728b)  -> (artifact id: '597a96a982150a1d682502e3a187a144') in 0.044603 seconds 
  Import took 0.056923 seconds .

========================================================================
Received Import Request.
  Time since last request: 0.705131 seconds.
  path: Assets/Prefabs/Particle/Emojy/EmojiPoop.prefab
  artifactKey: Guid(edd370375e09e0c42b2d890b1b52f38b) Importer(815301076,1909f56bfc062723c751e8b465ee728b)
Start importing Assets/Prefabs/Particle/Emojy/EmojiPoop.prefab using Guid(edd370375e09e0c42b2d890b1b52f38b) Importer(815301076,1909f56bfc062723c751e8b465ee728b)  -> (artifact id: 'df8d6052cf3130e91f8b4b0357197626') in 0.035556 seconds 
  Import took 0.040106 seconds .

========================================================================
Received Import Request.
  Time since last request: 0.382364 seconds.
  path: Assets/Prefabs/Particle/Emojy/EmojiPoop.prefab
  artifactKey: Guid(edd370375e09e0c42b2d890b1b52f38b) Importer(815301076,1909f56bfc062723c751e8b465ee728b)
Start importing Assets/Prefabs/Particle/Emojy/EmojiPoop.prefab using Guid(edd370375e09e0c42b2d890b1b52f38b) Importer(815301076,1909f56bfc062723c751e8b465ee728b)  -> (artifact id: '1a0829cd6e8c30a1d470cd4c654054f7') in 0.037361 seconds 
  Import took 0.042081 seconds .

========================================================================
Received Import Request.
  Time since last request: 4.028411 seconds.
  path: Assets/Prefabs/Particle/Emojy/EmojiSilly.prefab
  artifactKey: Guid(e6a2bbccf919359499b0333920a2fabf) Importer(815301076,1909f56bfc062723c751e8b465ee728b)
Start importing Assets/Prefabs/Particle/Emojy/EmojiSilly.prefab using Guid(e6a2bbccf919359499b0333920a2fabf) Importer(815301076,1909f56bfc062723c751e8b465ee728b)  -> (artifact id: '6a378eba248fc4097945ca9eb6dfc23a') in 0.031394 seconds 
  Import took 0.039517 seconds .

========================================================================
Received Import Request.
  Time since last request: 0.157665 seconds.
  path: Assets/Prefabs/Particle/Emojy/EmojiSilly.prefab
  artifactKey: Guid(e6a2bbccf919359499b0333920a2fabf) Importer(815301076,1909f56bfc062723c751e8b465ee728b)
Start importing Assets/Prefabs/Particle/Emojy/EmojiSilly.prefab using Guid(e6a2bbccf919359499b0333920a2fabf) Importer(815301076,1909f56bfc062723c751e8b465ee728b)  -> (artifact id: '98b8a147cdcfad69e76d8cb2f4798f5e') in 0.030181 seconds 
  Import took 0.034691 seconds .

========================================================================
Received Import Request.
  Time since last request: 0.575302 seconds.
  path: Assets/Prefabs/Particle/Emojy/EmojiSilly.prefab
  artifactKey: Guid(e6a2bbccf919359499b0333920a2fabf) Importer(815301076,1909f56bfc062723c751e8b465ee728b)
Start importing Assets/Prefabs/Particle/Emojy/EmojiSilly.prefab using Guid(e6a2bbccf919359499b0333920a2fabf) Importer(815301076,1909f56bfc062723c751e8b465ee728b)  -> (artifact id: 'aa7c50184e42c2b4c86662c259df405f') in 0.028710 seconds 
  Import took 0.033420 seconds .

========================================================================
Received Import Request.
  Time since last request: 0.984130 seconds.
  path: Assets/Prefabs/Particle/Emojy/EmojiSilly.prefab
  artifactKey: Guid(e6a2bbccf919359499b0333920a2fabf) Importer(815301076,1909f56bfc062723c751e8b465ee728b)
Start importing Assets/Prefabs/Particle/Emojy/EmojiSilly.prefab using Guid(e6a2bbccf919359499b0333920a2fabf) Importer(815301076,1909f56bfc062723c751e8b465ee728b)  -> (artifact id: '7f228f5db2883f41bf2c1ee5bb17d196') in 0.028529 seconds 
  Import took 0.033685 seconds .

========================================================================
Received Import Request.
  Time since last request: 0.773869 seconds.
  path: Assets/Prefabs/Particle/Emojy/EmojiSilly.prefab
  artifactKey: Guid(e6a2bbccf919359499b0333920a2fabf) Importer(815301076,1909f56bfc062723c751e8b465ee728b)
Start importing Assets/Prefabs/Particle/Emojy/EmojiSilly.prefab using Guid(e6a2bbccf919359499b0333920a2fabf) Importer(815301076,1909f56bfc062723c751e8b465ee728b)  -> (artifact id: '2d41ade2a9af7a94c59372b68806cafe') in 0.030091 seconds 
  Import took 0.034859 seconds .

========================================================================
Received Prepare
Registering precompiled user dll's ...
Registered in 0.005930 seconds.
Begin MonoManager ReloadAssembly
Native extension for WindowsStandalone target not found
Refreshing native plugins compatible for Editor in 1.29 ms, found 5 plugins.
Preloading 0 native plugins for Editor in 0.00 ms.
Mono: successfully reloaded assembly
- Completed reload, in  1.568 seconds
Domain Reload Profiling:
	ReloadAssembly (1569ms)
		BeginReloadAssembly (128ms)
			ExecutionOrderSort (0ms)
			DisableScriptedObjects (8ms)
			BackupInstance (0ms)
			ReleaseScriptingObjects (0ms)
			CreateAndSetChildDomain (39ms)
		EndReloadAssembly (1362ms)
			LoadAssemblies (119ms)
			RebuildTransferFunctionScriptingTraits (0ms)
			SetupTypeCache (365ms)
			ReleaseScriptCaches (1ms)
			RebuildScriptCaches (63ms)
			SetupLoadedEditorAssemblies (650ms)
				LogAssemblyErrors (0ms)
				InitializePlatformSupportModulesInManaged (7ms)
				SetLoadedEditorAssemblies (1ms)
				RefreshPlugins (1ms)
				BeforeProcessingInitializeOnLoad (106ms)
				ProcessInitializeOnLoadAttributes (485ms)
				ProcessInitializeOnLoadMethodAttributes (45ms)
				AfterProcessingInitializeOnLoad (5ms)
				EditorAssembliesLoaded (0ms)
			ExecutionOrderSort2 (0ms)
			AwakeInstancesAfterBackupRestoration (9ms)
Platform modules already initialized, skipping
Switching build target platform(19) subTarget(0) extendedPlatform(0) -> platform(13) subTarget(589824) extendedPlatform(0)
Refreshing native plugins compatible for Editor in 1.42 ms, found 5 plugins.
Preloading 0 native plugins for Editor in 0.00 ms.
Unloading 2152 Unused Serialized files (Serialized files now loaded: 0)
System memory in use before: 181.7 MB.
System memory in use after: 181.4 MB.

Unloading 69 unused Assets to reduce memory usage. Loaded Objects now: 2715.
Total: 10.823604 ms (FindLiveObjects: 0.335575 ms CreateObjectMapping: 0.097967 ms MarkObjects: 9.495301 ms  DeleteObjects: 0.891963 ms)

AssetImportParameters requested are different than current active one (requested -> active):
  custom:framework-win-MediaFoundation: 216162199b28c13a410421893ffa2e32 -> 
  custom:video-decoder-ogg-theora: a1e56fd34408186e4bbccfd4996cb3dc -> 
  custom:container-muxer-webm: aa71ff27fc2769a1b78a27578f13a17b -> 
  custom:container-demuxer-webm: 4f35f7cbe854078d1ac9338744f61a02 -> 
  custom:container-demuxer-ogg: 62fdf1f143b41e24485cea50d1cbac27 -> 
  custom:video-encoder-webm-vp8: eb34c28f22e8b96e1ab97ce403110664 -> 
  custom:video-decoder-webm-vp8: 9c59270c3fd7afecdb556c50c9e8de78 -> 
  custom:graphics/normal-map-encoding: 01000000000000000000000000000000 -> 02000000000000000000000000000000
  custom:audio-decoder-ogg-vorbis: bf7c407c2cedff20999df2af8eb42d56 -> 
  custom:audio-encoder-webm-vorbis: bf7c407c2cedff20999df2af8eb42d56 -> 
========================================================================
Received Import Request.
  Time since last request: 396.255234 seconds.
  path: Assets/Prefabs/Gameplay/locations
  artifactKey: Guid(6cb4225e235b0134f9bb303aa77bcf6c) Importer(815301076,1909f56bfc062723c751e8b465ee728b)
Start importing Assets/Prefabs/Gameplay/locations using Guid(6cb4225e235b0134f9bb303aa77bcf6c) Importer(815301076,1909f56bfc062723c751e8b465ee728b)  -> (artifact id: '9443c76c6b9dc16da330015c5098dbdc') in 0.007021 seconds 
  Import took 0.011770 seconds .

========================================================================
Received Prepare
Registering precompiled user dll's ...
Registered in 0.005843 seconds.
Begin MonoManager ReloadAssembly
Native extension for WindowsStandalone target not found
Refreshing native plugins compatible for Editor in 1.29 ms, found 5 plugins.
Preloading 0 native plugins for Editor in 0.00 ms.
Mono: successfully reloaded assembly
- Completed reload, in  1.490 seconds
Domain Reload Profiling:
	ReloadAssembly (1490ms)
		BeginReloadAssembly (120ms)
			ExecutionOrderSort (0ms)
			DisableScriptedObjects (8ms)
			BackupInstance (0ms)
			ReleaseScriptingObjects (0ms)
			CreateAndSetChildDomain (34ms)
		EndReloadAssembly (1296ms)
			LoadAssemblies (116ms)
			RebuildTransferFunctionScriptingTraits (0ms)
			SetupTypeCache (367ms)
			ReleaseScriptCaches (1ms)
			RebuildScriptCaches (57ms)
			SetupLoadedEditorAssemblies (555ms)
				LogAssemblyErrors (0ms)
				InitializePlatformSupportModulesInManaged (7ms)
				SetLoadedEditorAssemblies (1ms)
				RefreshPlugins (1ms)
				BeforeProcessingInitializeOnLoad (100ms)
				ProcessInitializeOnLoadAttributes (398ms)
				ProcessInitializeOnLoadMethodAttributes (43ms)
				AfterProcessingInitializeOnLoad (5ms)
				EditorAssembliesLoaded (0ms)
			ExecutionOrderSort2 (0ms)
			AwakeInstancesAfterBackupRestoration (9ms)
Platform modules already initialized, skipping
Switching build target platform(19) subTarget(0) extendedPlatform(0) -> platform(13) subTarget(589824) extendedPlatform(0)
Refreshing native plugins compatible for Editor in 1.22 ms, found 5 plugins.
Preloading 0 native plugins for Editor in 0.00 ms.
Unloading 2152 Unused Serialized files (Serialized files now loaded: 0)
System memory in use before: 181.7 MB.
System memory in use after: 181.4 MB.

Unloading 69 unused Assets to reduce memory usage. Loaded Objects now: 2717.
Total: 8.318457 ms (FindLiveObjects: 0.227656 ms CreateObjectMapping: 0.092369 ms MarkObjects: 7.425561 ms  DeleteObjects: 0.570073 ms)

AssetImportParameters requested are different than current active one (requested -> active):
  custom:framework-win-MediaFoundation: 216162199b28c13a410421893ffa2e32 -> 
  custom:video-decoder-ogg-theora: a1e56fd34408186e4bbccfd4996cb3dc -> 
  custom:container-muxer-webm: aa71ff27fc2769a1b78a27578f13a17b -> 
  custom:container-demuxer-webm: 4f35f7cbe854078d1ac9338744f61a02 -> 
  custom:container-demuxer-ogg: 62fdf1f143b41e24485cea50d1cbac27 -> 
  custom:video-encoder-webm-vp8: eb34c28f22e8b96e1ab97ce403110664 -> 
  custom:video-decoder-webm-vp8: 9c59270c3fd7afecdb556c50c9e8de78 -> 
  custom:graphics/normal-map-encoding: 01000000000000000000000000000000 -> 02000000000000000000000000000000
  custom:audio-decoder-ogg-vorbis: bf7c407c2cedff20999df2af8eb42d56 -> 
  custom:audio-encoder-webm-vorbis: bf7c407c2cedff20999df2af8eb42d56 -> 
========================================================================
Received Prepare
Registering precompiled user dll's ...
Registered in 0.005793 seconds.
Begin MonoManager ReloadAssembly
Native extension for WindowsStandalone target not found
Refreshing native plugins compatible for Editor in 1.16 ms, found 5 plugins.
Preloading 0 native plugins for Editor in 0.00 ms.
Mono: successfully reloaded assembly
- Completed reload, in  1.577 seconds
Domain Reload Profiling:
	ReloadAssembly (1577ms)
		BeginReloadAssembly (118ms)
			ExecutionOrderSort (0ms)
			DisableScriptedObjects (8ms)
			BackupInstance (0ms)
			ReleaseScriptingObjects (0ms)
			CreateAndSetChildDomain (34ms)
		EndReloadAssembly (1387ms)
			LoadAssemblies (109ms)
			RebuildTransferFunctionScriptingTraits (0ms)
			SetupTypeCache (348ms)
			ReleaseScriptCaches (1ms)
			RebuildScriptCaches (57ms)
			SetupLoadedEditorAssemblies (709ms)
				LogAssemblyErrors (0ms)
				InitializePlatformSupportModulesInManaged (6ms)
				SetLoadedEditorAssemblies (1ms)
				RefreshPlugins (1ms)
				BeforeProcessingInitializeOnLoad (98ms)
				ProcessInitializeOnLoadAttributes (557ms)
				ProcessInitializeOnLoadMethodAttributes (42ms)
				AfterProcessingInitializeOnLoad (5ms)
				EditorAssembliesLoaded (0ms)
			ExecutionOrderSort2 (0ms)
			AwakeInstancesAfterBackupRestoration (9ms)
Platform modules already initialized, skipping
Switching build target platform(19) subTarget(0) extendedPlatform(0) -> platform(13) subTarget(589824) extendedPlatform(0)
Refreshing native plugins compatible for Editor in 1.18 ms, found 5 plugins.
Preloading 0 native plugins for Editor in 0.00 ms.
Unloading 2152 Unused Serialized files (Serialized files now loaded: 0)
System memory in use before: 181.7 MB.
System memory in use after: 181.4 MB.

Unloading 69 unused Assets to reduce memory usage. Loaded Objects now: 2719.
Total: 8.252835 ms (FindLiveObjects: 0.228589 ms CreateObjectMapping: 0.093924 ms MarkObjects: 7.405035 ms  DeleteObjects: 0.523733 ms)

AssetImportParameters requested are different than current active one (requested -> active):
  custom:framework-win-MediaFoundation: 216162199b28c13a410421893ffa2e32 -> 
  custom:video-decoder-ogg-theora: a1e56fd34408186e4bbccfd4996cb3dc -> 
  custom:container-muxer-webm: aa71ff27fc2769a1b78a27578f13a17b -> 
  custom:container-demuxer-webm: 4f35f7cbe854078d1ac9338744f61a02 -> 
  custom:container-demuxer-ogg: 62fdf1f143b41e24485cea50d1cbac27 -> 
  custom:video-encoder-webm-vp8: eb34c28f22e8b96e1ab97ce403110664 -> 
  custom:video-decoder-webm-vp8: 9c59270c3fd7afecdb556c50c9e8de78 -> 
  custom:graphics/normal-map-encoding: 01000000000000000000000000000000 -> 02000000000000000000000000000000
  custom:audio-decoder-ogg-vorbis: bf7c407c2cedff20999df2af8eb42d56 -> 
  custom:audio-encoder-webm-vorbis: bf7c407c2cedff20999df2af8eb42d56 -> 
========================================================================
Received Prepare
Registering precompiled user dll's ...
Registered in 0.005887 seconds.
Begin MonoManager ReloadAssembly
Native extension for WindowsStandalone target not found
Refreshing native plugins compatible for Editor in 1.19 ms, found 5 plugins.
Preloading 0 native plugins for Editor in 0.00 ms.
Mono: successfully reloaded assembly
- Completed reload, in  1.430 seconds
Domain Reload Profiling:
	ReloadAssembly (1431ms)
		BeginReloadAssembly (118ms)
			ExecutionOrderSort (0ms)
			DisableScriptedObjects (8ms)
			BackupInstance (0ms)
			ReleaseScriptingObjects (0ms)
			CreateAndSetChildDomain (34ms)
		EndReloadAssembly (1239ms)
			LoadAssemblies (110ms)
			RebuildTransferFunctionScriptingTraits (0ms)
			SetupTypeCache (357ms)
			ReleaseScriptCaches (1ms)
			RebuildScriptCaches (56ms)
			SetupLoadedEditorAssemblies (548ms)
				LogAssemblyErrors (0ms)
				InitializePlatformSupportModulesInManaged (6ms)
				SetLoadedEditorAssemblies (1ms)
				RefreshPlugins (1ms)
				BeforeProcessingInitializeOnLoad (103ms)
				ProcessInitializeOnLoadAttributes (387ms)
				ProcessInitializeOnLoadMethodAttributes (45ms)
				AfterProcessingInitializeOnLoad (5ms)
				EditorAssembliesLoaded (0ms)
			ExecutionOrderSort2 (0ms)
			AwakeInstancesAfterBackupRestoration (10ms)
Platform modules already initialized, skipping
Switching build target platform(19) subTarget(0) extendedPlatform(0) -> platform(13) subTarget(589824) extendedPlatform(0)
Refreshing native plugins compatible for Editor in 1.37 ms, found 5 plugins.
Preloading 0 native plugins for Editor in 0.00 ms.
Unloading 2152 Unused Serialized files (Serialized files now loaded: 0)
System memory in use before: 181.8 MB.
System memory in use after: 181.5 MB.

Unloading 69 unused Assets to reduce memory usage. Loaded Objects now: 2721.
Total: 8.604271 ms (FindLiveObjects: 0.250048 ms CreateObjectMapping: 0.127823 ms MarkObjects: 7.691470 ms  DeleteObjects: 0.532441 ms)

AssetImportParameters requested are different than current active one (requested -> active):
  custom:framework-win-MediaFoundation: 216162199b28c13a410421893ffa2e32 -> 
  custom:video-decoder-ogg-theora: a1e56fd34408186e4bbccfd4996cb3dc -> 
  custom:container-muxer-webm: aa71ff27fc2769a1b78a27578f13a17b -> 
  custom:container-demuxer-webm: 4f35f7cbe854078d1ac9338744f61a02 -> 
  custom:container-demuxer-ogg: 62fdf1f143b41e24485cea50d1cbac27 -> 
  custom:video-encoder-webm-vp8: eb34c28f22e8b96e1ab97ce403110664 -> 
  custom:video-decoder-webm-vp8: 9c59270c3fd7afecdb556c50c9e8de78 -> 
  custom:graphics/normal-map-encoding: 01000000000000000000000000000000 -> 02000000000000000000000000000000
  custom:audio-decoder-ogg-vorbis: bf7c407c2cedff20999df2af8eb42d56 -> 
  custom:audio-encoder-webm-vorbis: bf7c407c2cedff20999df2af8eb42d56 -> 
========================================================================
Received Import Request.
  Time since last request: 110.420304 seconds.
  path: Assets/Prefabs/Gameplay/bridge_1.prefab
  artifactKey: Guid(ad8063975ae57b943a548b4f6dfd6f6f) Importer(815301076,1909f56bfc062723c751e8b465ee728b)
Start importing Assets/Prefabs/Gameplay/bridge_1.prefab using Guid(ad8063975ae57b943a548b4f6dfd6f6f) Importer(815301076,1909f56bfc062723c751e8b465ee728b)  -> (artifact id: 'a95988519bbef0ee982bcadd896367d4') in 1.207854 seconds 
  Import took 1.228706 seconds .

========================================================================
Received Import Request.
  Time since last request: 7.308439 seconds.
  path: Assets/Prefabs/Gameplay/locations/scene_1.prefab
  artifactKey: Guid(cb8c0f25566be6940bfe237e58eb3b85) Importer(815301076,1909f56bfc062723c751e8b465ee728b)
Start importing Assets/Prefabs/Gameplay/locations/scene_1.prefab using Guid(cb8c0f25566be6940bfe237e58eb3b85) Importer(815301076,1909f56bfc062723c751e8b465ee728b)  -> (artifact id: '4c668923764822398bbd19533176bc3b') in 0.360974 seconds 
  Import took 0.369269 seconds .

========================================================================
Received Import Request.
  Time since last request: 0.000474 seconds.
  path: Assets/Prefabs/Gameplay/locations/scene_3.prefab
  artifactKey: Guid(aab94aeee5beab14487784be96ac0132) Importer(815301076,1909f56bfc062723c751e8b465ee728b)
Start importing Assets/Prefabs/Gameplay/locations/scene_3.prefab using Guid(aab94aeee5beab14487784be96ac0132) Importer(815301076,1909f56bfc062723c751e8b465ee728b)  -> (artifact id: '4de7caadc8865668497a6ec0720ad259') in 0.372182 seconds 
  Import took 0.394171 seconds .

========================================================================
Received Import Request.
  Time since last request: 0.000317 seconds.
  path: Assets/Prefabs/Gameplay/locations/scene_6.prefab
  artifactKey: Guid(1fd00ea0e59338c41834af941399c923) Importer(815301076,1909f56bfc062723c751e8b465ee728b)
Start importing Assets/Prefabs/Gameplay/locations/scene_6.prefab using Guid(1fd00ea0e59338c41834af941399c923) Importer(815301076,1909f56bfc062723c751e8b465ee728b)  -> (artifact id: '74ff621d22ddc27c15b1ca2209f90b07') in 0.622148 seconds 
  Import took 0.650858 seconds .

========================================================================
Received Import Request.
  Time since last request: 0.000356 seconds.
  path: Assets/Prefabs/Gameplay/locations/scene_0.prefab
  artifactKey: Guid(4e4b73f6519d14142b7ad9c0f5ff3ad2) Importer(815301076,1909f56bfc062723c751e8b465ee728b)
Start importing Assets/Prefabs/Gameplay/locations/scene_0.prefab using Guid(4e4b73f6519d14142b7ad9c0f5ff3ad2) Importer(815301076,1909f56bfc062723c751e8b465ee728b)  -> (artifact id: '579f7d87618b3ae1039cda604b180353') in 0.135049 seconds 
  Import took 0.140134 seconds .

========================================================================
Received Import Request.
  Time since last request: 0.000258 seconds.
  path: Assets/Prefabs/Gameplay/locations/scene_empty_blue-white.prefab
  artifactKey: Guid(3fba872adc706fe40b0a408ad29f2e72) Importer(815301076,1909f56bfc062723c751e8b465ee728b)
Start importing Assets/Prefabs/Gameplay/locations/scene_empty_blue-white.prefab using Guid(3fba872adc706fe40b0a408ad29f2e72) Importer(815301076,1909f56bfc062723c751e8b465ee728b)  -> (artifact id: 'fe6055f27f9fd7fa89a1d39215c04fda') in 0.119489 seconds 
  Import took 0.124111 seconds .

========================================================================
Received Import Request.
  Time since last request: 0.000277 seconds.
  path: Assets/Prefabs/Gameplay/locations/scene_4.prefab
  artifactKey: Guid(7ce986a7710f3fe42a864af0717b8994) Importer(815301076,1909f56bfc062723c751e8b465ee728b)
Start importing Assets/Prefabs/Gameplay/locations/scene_4.prefab using Guid(7ce986a7710f3fe42a864af0717b8994) Importer(815301076,1909f56bfc062723c751e8b465ee728b)  -> (artifact id: '54fe043de4d2af5c33061221951d6f36') in 0.717367 seconds 
  Import took 0.754093 seconds .

========================================================================
Received Import Request.
  Time since last request: 0.000319 seconds.
  path: Assets/Prefabs/Gameplay/locations/scene_5.prefab
  artifactKey: Guid(62fe34a00bd1f954d93e18dbf37fcf41) Importer(815301076,1909f56bfc062723c751e8b465ee728b)
Start importing Assets/Prefabs/Gameplay/locations/scene_5.prefab using Guid(62fe34a00bd1f954d93e18dbf37fcf41) Importer(815301076,1909f56bfc062723c751e8b465ee728b)  -> (artifact id: '29d808617df1d2b949ecbcfbf0f763ce') in 0.391630 seconds 
  Import took 0.421691 seconds .

========================================================================
Received Import Request.
  Time since last request: 14.149820 seconds.
  path: Assets/Prefabs/Gameplay/locations/scene_0.prefab
  artifactKey: Guid(4e4b73f6519d14142b7ad9c0f5ff3ad2) Importer(815301076,1909f56bfc062723c751e8b465ee728b)
Start importing Assets/Prefabs/Gameplay/locations/scene_0.prefab using Guid(4e4b73f6519d14142b7ad9c0f5ff3ad2) Importer(815301076,1909f56bfc062723c751e8b465ee728b)  -> (artifact id: '3349ec7a5e0797605920b8b89ac74bff') in 0.126176 seconds 
  Import took 0.131064 seconds .

========================================================================
Received Import Request.
  Time since last request: 0.010574 seconds.
  path: Assets/Prefabs/Gameplay/locations/scene_0.prefab
  artifactKey: Guid(4e4b73f6519d14142b7ad9c0f5ff3ad2) Importer(815301076,1909f56bfc062723c751e8b465ee728b)
Start importing Assets/Prefabs/Gameplay/locations/scene_0.prefab using Guid(4e4b73f6519d14142b7ad9c0f5ff3ad2) Importer(815301076,1909f56bfc062723c751e8b465ee728b)  -> (artifact id: '3349ec7a5e0797605920b8b89ac74bff') in 0.119096 seconds 
  Import took 0.124495 seconds .

========================================================================
Received Import Request.
  Time since last request: 4.091952 seconds.
  path: Assets/Prefabs/Gameplay/locations/scene_1.prefab
  artifactKey: Guid(cb8c0f25566be6940bfe237e58eb3b85) Importer(815301076,1909f56bfc062723c751e8b465ee728b)
Start importing Assets/Prefabs/Gameplay/locations/scene_1.prefab using Guid(cb8c0f25566be6940bfe237e58eb3b85) Importer(815301076,1909f56bfc062723c751e8b465ee728b)  -> (artifact id: 'c3fab2a0b7db5780940def5f2be96d91') in 0.268858 seconds 
  Import took 0.276656 seconds .

========================================================================
Received Import Request.
  Time since last request: 3.525102 seconds.
  path: Assets/Prefabs/Gameplay/locations/scene_3.prefab
  artifactKey: Guid(aab94aeee5beab14487784be96ac0132) Importer(815301076,1909f56bfc062723c751e8b465ee728b)
Start importing Assets/Prefabs/Gameplay/locations/scene_3.prefab using Guid(aab94aeee5beab14487784be96ac0132) Importer(815301076,1909f56bfc062723c751e8b465ee728b)  -> (artifact id: '738254c9052d6464978f4bfc259945d7') in 0.376534 seconds 
  Import took 0.399380 seconds .

========================================================================
Received Import Request.
  Time since last request: 4.799839 seconds.
  path: Assets/Prefabs/Gameplay/locations/scene_4.prefab
  artifactKey: Guid(7ce986a7710f3fe42a864af0717b8994) Importer(815301076,1909f56bfc062723c751e8b465ee728b)
Start importing Assets/Prefabs/Gameplay/locations/scene_4.prefab using Guid(7ce986a7710f3fe42a864af0717b8994) Importer(815301076,1909f56bfc062723c751e8b465ee728b)  -> (artifact id: 'ae1099d5534d052e00716b5653a66805') in 0.674266 seconds 
  Import took 0.716962 seconds .

========================================================================
Received Import Request.
  Time since last request: 2.323593 seconds.
  path: Assets/Prefabs/Gameplay/locations/scene_5.prefab
  artifactKey: Guid(62fe34a00bd1f954d93e18dbf37fcf41) Importer(815301076,1909f56bfc062723c751e8b465ee728b)
Start importing Assets/Prefabs/Gameplay/locations/scene_5.prefab using Guid(62fe34a00bd1f954d93e18dbf37fcf41) Importer(815301076,1909f56bfc062723c751e8b465ee728b)  -> (artifact id: 'b17d8652680ef181d371a650135a237b') in 0.358851 seconds 
  Import took 0.374972 seconds .

========================================================================
Received Import Request.
  Time since last request: 0.045690 seconds.
  path: Assets/Prefabs/Gameplay/locations/scene_5.prefab
  artifactKey: Guid(62fe34a00bd1f954d93e18dbf37fcf41) Importer(815301076,1909f56bfc062723c751e8b465ee728b)
Start importing Assets/Prefabs/Gameplay/locations/scene_5.prefab using Guid(62fe34a00bd1f954d93e18dbf37fcf41) Importer(815301076,1909f56bfc062723c751e8b465ee728b)  -> (artifact id: 'b17d8652680ef181d371a650135a237b') in 0.349118 seconds 
  Import took 0.365279 seconds .

========================================================================
Received Import Request.
  Time since last request: 2.676435 seconds.
  path: Assets/Prefabs/Gameplay/locations/scene_6.prefab
  artifactKey: Guid(1fd00ea0e59338c41834af941399c923) Importer(815301076,1909f56bfc062723c751e8b465ee728b)
Start importing Assets/Prefabs/Gameplay/locations/scene_6.prefab using Guid(1fd00ea0e59338c41834af941399c923) Importer(815301076,1909f56bfc062723c751e8b465ee728b)  -> (artifact id: '907e86d93c386fca1f41204bcc997f55') in 0.595826 seconds 
  Import took 0.625854 seconds .

========================================================================
Received Import Request.
  Time since last request: 2.740490 seconds.
  path: Assets/Prefabs/Gameplay/locations/scene_empty_blue-white.prefab
  artifactKey: Guid(3fba872adc706fe40b0a408ad29f2e72) Importer(815301076,1909f56bfc062723c751e8b465ee728b)
Start importing Assets/Prefabs/Gameplay/locations/scene_empty_blue-white.prefab using Guid(3fba872adc706fe40b0a408ad29f2e72) Importer(815301076,1909f56bfc062723c751e8b465ee728b)  -> (artifact id: '63f0adf347c4b85ca667a2ff8bfaf737') in 0.127989 seconds 
  Import took 0.171146 seconds .

========================================================================
Received Import Request.
  Time since last request: 542.435545 seconds.
  path: Assets/Art/UI/Bumpo.ttf
  artifactKey: Guid(4959a3d0a84f61e4da527559451435ec) Importer(815301076,1909f56bfc062723c751e8b465ee728b)
Start importing Assets/Art/UI/Bumpo.ttf using Guid(4959a3d0a84f61e4da527559451435ec) Importer(815301076,1909f56bfc062723c751e8b465ee728b)  -> (artifact id: '37f7f6cbb4619e8d2292e9ede31f87f0') in 0.054035 seconds 
  Import took 0.060534 seconds .

========================================================================
Received Prepare
Registering precompiled user dll's ...
Registered in 0.005859 seconds.
Begin MonoManager ReloadAssembly
Native extension for WindowsStandalone target not found
Refreshing native plugins compatible for Editor in 1.18 ms, found 5 plugins.
Preloading 0 native plugins for Editor in 0.00 ms.
Mono: successfully reloaded assembly
- Completed reload, in  1.691 seconds
Domain Reload Profiling:
	ReloadAssembly (1692ms)
		BeginReloadAssembly (138ms)
			ExecutionOrderSort (0ms)
			DisableScriptedObjects (9ms)
			BackupInstance (0ms)
			ReleaseScriptingObjects (0ms)
			CreateAndSetChildDomain (45ms)
		EndReloadAssembly (1476ms)
			LoadAssemblies (125ms)
			RebuildTransferFunctionScriptingTraits (0ms)
			SetupTypeCache (404ms)
			ReleaseScriptCaches (1ms)
			RebuildScriptCaches (60ms)
			SetupLoadedEditorAssemblies (705ms)
				LogAssemblyErrors (0ms)
				InitializePlatformSupportModulesInManaged (7ms)
				SetLoadedEditorAssemblies (1ms)
				RefreshPlugins (1ms)
				BeforeProcessingInitializeOnLoad (106ms)
				ProcessInitializeOnLoadAttributes (534ms)
				ProcessInitializeOnLoadMethodAttributes (50ms)
				AfterProcessingInitializeOnLoad (6ms)
				EditorAssembliesLoaded (0ms)
			ExecutionOrderSort2 (0ms)
			AwakeInstancesAfterBackupRestoration (10ms)
Platform modules already initialized, skipping
Switching build target platform(19) subTarget(0) extendedPlatform(0) -> platform(13) subTarget(589824) extendedPlatform(0)
Refreshing native plugins compatible for Editor in 2.25 ms, found 5 plugins.
Preloading 0 native plugins for Editor in 0.00 ms.
Unloading 2152 Unused Serialized files (Serialized files now loaded: 0)
System memory in use before: 182.9 MB.
System memory in use after: 182.7 MB.

Unloading 69 unused Assets to reduce memory usage. Loaded Objects now: 2728.
Total: 8.928649 ms (FindLiveObjects: 0.224235 ms CreateObjectMapping: 0.091436 ms MarkObjects: 8.053791 ms  DeleteObjects: 0.557010 ms)

AssetImportParameters requested are different than current active one (requested -> active):
  custom:framework-win-MediaFoundation: 216162199b28c13a410421893ffa2e32 -> 
  custom:video-decoder-ogg-theora: a1e56fd34408186e4bbccfd4996cb3dc -> 
  custom:container-muxer-webm: aa71ff27fc2769a1b78a27578f13a17b -> 
  custom:container-demuxer-webm: 4f35f7cbe854078d1ac9338744f61a02 -> 
  custom:container-demuxer-ogg: 62fdf1f143b41e24485cea50d1cbac27 -> 
  custom:video-encoder-webm-vp8: eb34c28f22e8b96e1ab97ce403110664 -> 
  custom:video-decoder-webm-vp8: 9c59270c3fd7afecdb556c50c9e8de78 -> 
  custom:graphics/normal-map-encoding: 01000000000000000000000000000000 -> 02000000000000000000000000000000
  custom:audio-decoder-ogg-vorbis: bf7c407c2cedff20999df2af8eb42d56 -> 
  custom:audio-encoder-webm-vorbis: bf7c407c2cedff20999df2af8eb42d56 -> 
========================================================================
Received Prepare
Registering precompiled user dll's ...
Registered in 0.005950 seconds.
Begin MonoManager ReloadAssembly
Native extension for WindowsStandalone target not found
Refreshing native plugins compatible for Editor in 1.23 ms, found 5 plugins.
Preloading 0 native plugins for Editor in 0.00 ms.
Mono: successfully reloaded assembly
- Completed reload, in  2.109 seconds
Domain Reload Profiling:
	ReloadAssembly (2113ms)
		BeginReloadAssembly (175ms)
			ExecutionOrderSort (0ms)
			DisableScriptedObjects (8ms)
			BackupInstance (0ms)
			ReleaseScriptingObjects (0ms)
			CreateAndSetChildDomain (39ms)
		EndReloadAssembly (1766ms)
			LoadAssemblies (236ms)
			RebuildTransferFunctionScriptingTraits (0ms)
			SetupTypeCache (530ms)
			ReleaseScriptCaches (2ms)
			RebuildScriptCaches (77ms)
			SetupLoadedEditorAssemblies (734ms)
				LogAssemblyErrors (0ms)
				InitializePlatformSupportModulesInManaged (9ms)
				SetLoadedEditorAssemblies (1ms)
				RefreshPlugins (1ms)
				BeforeProcessingInitializeOnLoad (122ms)
				ProcessInitializeOnLoadAttributes (548ms)
				ProcessInitializeOnLoadMethodAttributes (48ms)
				AfterProcessingInitializeOnLoad (5ms)
				EditorAssembliesLoaded (0ms)
			ExecutionOrderSort2 (0ms)
			AwakeInstancesAfterBackupRestoration (10ms)
Platform modules already initialized, skipping
Switching build target platform(19) subTarget(0) extendedPlatform(0) -> platform(13) subTarget(589824) extendedPlatform(0)
Refreshing native plugins compatible for Editor in 1.22 ms, found 5 plugins.
Preloading 0 native plugins for Editor in 0.00 ms.
Unloading 2152 Unused Serialized files (Serialized files now loaded: 0)
System memory in use before: 182.9 MB.
System memory in use after: 182.7 MB.

Unloading 69 unused Assets to reduce memory usage. Loaded Objects now: 2730.
Total: 10.368914 ms (FindLiveObjects: 0.231699 ms CreateObjectMapping: 0.099211 ms MarkObjects: 9.493435 ms  DeleteObjects: 0.542082 ms)

AssetImportParameters requested are different than current active one (requested -> active):
  custom:framework-win-MediaFoundation: 216162199b28c13a410421893ffa2e32 -> 
  custom:video-decoder-ogg-theora: a1e56fd34408186e4bbccfd4996cb3dc -> 
  custom:container-muxer-webm: aa71ff27fc2769a1b78a27578f13a17b -> 
  custom:container-demuxer-webm: 4f35f7cbe854078d1ac9338744f61a02 -> 
  custom:container-demuxer-ogg: 62fdf1f143b41e24485cea50d1cbac27 -> 
  custom:video-encoder-webm-vp8: eb34c28f22e8b96e1ab97ce403110664 -> 
  custom:video-decoder-webm-vp8: 9c59270c3fd7afecdb556c50c9e8de78 -> 
  custom:graphics/normal-map-encoding: 01000000000000000000000000000000 -> 02000000000000000000000000000000
  custom:audio-decoder-ogg-vorbis: bf7c407c2cedff20999df2af8eb42d56 -> 
  custom:audio-encoder-webm-vorbis: bf7c407c2cedff20999df2af8eb42d56 -> 
========================================================================
Received Prepare
Registering precompiled user dll's ...
Registered in 0.006601 seconds.
Begin MonoManager ReloadAssembly
Native extension for WindowsStandalone target not found
Refreshing native plugins compatible for Editor in 1.53 ms, found 5 plugins.
Preloading 0 native plugins for Editor in 0.00 ms.
Mono: successfully reloaded assembly
- Completed reload, in  1.919 seconds
Domain Reload Profiling:
	ReloadAssembly (1920ms)
		BeginReloadAssembly (136ms)
			ExecutionOrderSort (0ms)
			DisableScriptedObjects (8ms)
			BackupInstance (0ms)
			ReleaseScriptingObjects (0ms)
			CreateAndSetChildDomain (39ms)
		EndReloadAssembly (1698ms)
			LoadAssemblies (134ms)
			RebuildTransferFunctionScriptingTraits (0ms)
			SetupTypeCache (424ms)
			ReleaseScriptCaches (1ms)
			RebuildScriptCaches (78ms)
			SetupLoadedEditorAssemblies (833ms)
				LogAssemblyErrors (0ms)
				InitializePlatformSupportModulesInManaged (8ms)
				SetLoadedEditorAssemblies (1ms)
				RefreshPlugins (2ms)
				BeforeProcessingInitializeOnLoad (138ms)
				ProcessInitializeOnLoadAttributes (631ms)
				ProcessInitializeOnLoadMethodAttributes (49ms)
				AfterProcessingInitializeOnLoad (5ms)
				EditorAssembliesLoaded (0ms)
			ExecutionOrderSort2 (0ms)
			AwakeInstancesAfterBackupRestoration (11ms)
Platform modules already initialized, skipping
Switching build target platform(19) subTarget(0) extendedPlatform(0) -> platform(13) subTarget(589824) extendedPlatform(0)
Refreshing native plugins compatible for Editor in 1.19 ms, found 5 plugins.
Preloading 0 native plugins for Editor in 0.00 ms.
Unloading 2152 Unused Serialized files (Serialized files now loaded: 0)
System memory in use before: 182.9 MB.
System memory in use after: 182.7 MB.

Unloading 69 unused Assets to reduce memory usage. Loaded Objects now: 2732.
Total: 10.806499 ms (FindLiveObjects: 0.252536 ms CreateObjectMapping: 0.095168 ms MarkObjects: 9.742550 ms  DeleteObjects: 0.713446 ms)

AssetImportParameters requested are different than current active one (requested -> active):
  custom:framework-win-MediaFoundation: 216162199b28c13a410421893ffa2e32 -> 
  custom:video-decoder-ogg-theora: a1e56fd34408186e4bbccfd4996cb3dc -> 
  custom:container-muxer-webm: aa71ff27fc2769a1b78a27578f13a17b -> 
  custom:container-demuxer-webm: 4f35f7cbe854078d1ac9338744f61a02 -> 
  custom:container-demuxer-ogg: 62fdf1f143b41e24485cea50d1cbac27 -> 
  custom:video-encoder-webm-vp8: eb34c28f22e8b96e1ab97ce403110664 -> 
  custom:video-decoder-webm-vp8: 9c59270c3fd7afecdb556c50c9e8de78 -> 
  custom:graphics/normal-map-encoding: 01000000000000000000000000000000 -> 02000000000000000000000000000000
  custom:audio-decoder-ogg-vorbis: bf7c407c2cedff20999df2af8eb42d56 -> 
  custom:audio-encoder-webm-vorbis: bf7c407c2cedff20999df2af8eb42d56 -> 
========================================================================
Received Prepare
Registering precompiled user dll's ...
Registered in 0.005728 seconds.
Begin MonoManager ReloadAssembly
Native extension for WindowsStandalone target not found
Refreshing native plugins compatible for Editor in 1.17 ms, found 5 plugins.
Preloading 0 native plugins for Editor in 0.00 ms.
Mono: successfully reloaded assembly
- Completed reload, in  1.714 seconds
Domain Reload Profiling:
	ReloadAssembly (1715ms)
		BeginReloadAssembly (130ms)
			ExecutionOrderSort (0ms)
			DisableScriptedObjects (8ms)
			BackupInstance (0ms)
			ReleaseScriptingObjects (0ms)
			CreateAndSetChildDomain (40ms)
		EndReloadAssembly (1500ms)
			LoadAssemblies (125ms)
			RebuildTransferFunctionScriptingTraits (0ms)
			SetupTypeCache (402ms)
			ReleaseScriptCaches (1ms)
			RebuildScriptCaches (63ms)
			SetupLoadedEditorAssemblies (707ms)
				LogAssemblyErrors (0ms)
				InitializePlatformSupportModulesInManaged (6ms)
				SetLoadedEditorAssemblies (1ms)
				RefreshPlugins (1ms)
				BeforeProcessingInitializeOnLoad (109ms)
				ProcessInitializeOnLoadAttributes (538ms)
				ProcessInitializeOnLoadMethodAttributes (48ms)
				AfterProcessingInitializeOnLoad (5ms)
				EditorAssembliesLoaded (0ms)
			ExecutionOrderSort2 (0ms)
			AwakeInstancesAfterBackupRestoration (11ms)
Platform modules already initialized, skipping
Switching build target platform(19) subTarget(0) extendedPlatform(0) -> platform(13) subTarget(589824) extendedPlatform(0)
Refreshing native plugins compatible for Editor in 1.21 ms, found 5 plugins.
Preloading 0 native plugins for Editor in 0.00 ms.
Unloading 2152 Unused Serialized files (Serialized files now loaded: 0)
System memory in use before: 182.9 MB.
System memory in use after: 182.6 MB.

Unloading 69 unused Assets to reduce memory usage. Loaded Objects now: 2734.
Total: 9.691856 ms (FindLiveObjects: 0.240718 ms CreateObjectMapping: 0.091747 ms MarkObjects: 8.825395 ms  DeleteObjects: 0.532130 ms)

AssetImportParameters requested are different than current active one (requested -> active):
  custom:framework-win-MediaFoundation: 216162199b28c13a410421893ffa2e32 -> 
  custom:video-decoder-ogg-theora: a1e56fd34408186e4bbccfd4996cb3dc -> 
  custom:container-muxer-webm: aa71ff27fc2769a1b78a27578f13a17b -> 
  custom:container-demuxer-webm: 4f35f7cbe854078d1ac9338744f61a02 -> 
  custom:container-demuxer-ogg: 62fdf1f143b41e24485cea50d1cbac27 -> 
  custom:video-encoder-webm-vp8: eb34c28f22e8b96e1ab97ce403110664 -> 
  custom:video-decoder-webm-vp8: 9c59270c3fd7afecdb556c50c9e8de78 -> 
  custom:graphics/normal-map-encoding: 01000000000000000000000000000000 -> 02000000000000000000000000000000
  custom:audio-decoder-ogg-vorbis: bf7c407c2cedff20999df2af8eb42d56 -> 
  custom:audio-encoder-webm-vorbis: bf7c407c2cedff20999df2af8eb42d56 -> 
========================================================================
Received Import Request.
  Time since last request: 490.921729 seconds.
  path: Assets/Prefabs/Gameplay/Money.prefab
  artifactKey: Guid(f859f3d80058cb743a2dcd0de2ade45a) Importer(815301076,1909f56bfc062723c751e8b465ee728b)
Start importing Assets/Prefabs/Gameplay/Money.prefab using Guid(f859f3d80058cb743a2dcd0de2ade45a) Importer(815301076,1909f56bfc062723c751e8b465ee728b)  -> (artifact id: '988e472b3fcc6dbbabccf0c73762a69f') in 0.126789 seconds 
  Import took 0.132058 seconds .

========================================================================
Received Import Request.
  Time since last request: 0.000247 seconds.
  path: Assets/Prefabs/Gameplay/bridge_1.prefab
  artifactKey: Guid(ad8063975ae57b943a548b4f6dfd6f6f) Importer(815301076,1909f56bfc062723c751e8b465ee728b)
Start importing Assets/Prefabs/Gameplay/bridge_1.prefab using Guid(ad8063975ae57b943a548b4f6dfd6f6f) Importer(815301076,1909f56bfc062723c751e8b465ee728b)  -> (artifact id: 'cef2d22801a8bfd5bec00b8a313310fd') in 1.015925 seconds 
  Import took 1.037042 seconds .

========================================================================
Received Import Request.
  Time since last request: 2.598109 seconds.
  path: Assets/Prefabs/Gameplay/Upgrade.prefab
  artifactKey: Guid(284169469bf753e40bf6a5376aed06ad) Importer(815301076,1909f56bfc062723c751e8b465ee728b)
Start importing Assets/Prefabs/Gameplay/Upgrade.prefab using Guid(284169469bf753e40bf6a5376aed06ad) Importer(815301076,1909f56bfc062723c751e8b465ee728b)  -> (artifact id: 'abf1e55aa1639ed983092cc34fb6b704') in 0.210492 seconds 
  Import took 0.216012 seconds .

========================================================================
Received Import Request.
  Time since last request: 0.000299 seconds.
  path: Assets/Prefabs/Gameplay/bridge_1.prefab
  artifactKey: Guid(ad8063975ae57b943a548b4f6dfd6f6f) Importer(815301076,1909f56bfc062723c751e8b465ee728b)
Start importing Assets/Prefabs/Gameplay/bridge_1.prefab using Guid(ad8063975ae57b943a548b4f6dfd6f6f) Importer(815301076,1909f56bfc062723c751e8b465ee728b)  -> (artifact id: '258a4ba2b712a7caae7646e3cd89ef3f') in 1.111430 seconds 
  Import took 1.138971 seconds .

========================================================================
Received Prepare
Registering precompiled user dll's ...
Registered in 0.005836 seconds.
Begin MonoManager ReloadAssembly
Native extension for WindowsStandalone target not found
Refreshing native plugins compatible for Editor in 1.30 ms, found 5 plugins.
Preloading 0 native plugins for Editor in 0.00 ms.
Mono: successfully reloaded assembly
- Completed reload, in  1.700 seconds
Domain Reload Profiling:
	ReloadAssembly (1701ms)
		BeginReloadAssembly (123ms)
			ExecutionOrderSort (0ms)
			DisableScriptedObjects (7ms)
			BackupInstance (0ms)
			ReleaseScriptingObjects (0ms)
			CreateAndSetChildDomain (39ms)
		EndReloadAssembly (1505ms)
			LoadAssemblies (111ms)
			RebuildTransferFunctionScriptingTraits (0ms)
			SetupTypeCache (381ms)
			ReleaseScriptCaches (1ms)
			RebuildScriptCaches (56ms)
			SetupLoadedEditorAssemblies (745ms)
				LogAssemblyErrors (0ms)
				InitializePlatformSupportModulesInManaged (6ms)
				SetLoadedEditorAssemblies (1ms)
				RefreshPlugins (1ms)
				BeforeProcessingInitializeOnLoad (102ms)
				ProcessInitializeOnLoadAttributes (585ms)
				ProcessInitializeOnLoadMethodAttributes (45ms)
				AfterProcessingInitializeOnLoad (5ms)
				EditorAssembliesLoaded (0ms)
			ExecutionOrderSort2 (0ms)
			AwakeInstancesAfterBackupRestoration (9ms)
Platform modules already initialized, skipping
Switching build target platform(19) subTarget(0) extendedPlatform(0) -> platform(13) subTarget(589824) extendedPlatform(0)
Refreshing native plugins compatible for Editor in 1.24 ms, found 5 plugins.
Preloading 0 native plugins for Editor in 0.00 ms.
Unloading 2152 Unused Serialized files (Serialized files now loaded: 0)
System memory in use before: 182.9 MB.
System memory in use after: 182.7 MB.

Unloading 69 unused Assets to reduce memory usage. Loaded Objects now: 2737.
Total: 8.159844 ms (FindLiveObjects: 0.236053 ms CreateObjectMapping: 0.097656 ms MarkObjects: 7.298049 ms  DeleteObjects: 0.525910 ms)

AssetImportParameters requested are different than current active one (requested -> active):
  custom:framework-win-MediaFoundation: 216162199b28c13a410421893ffa2e32 -> 
  custom:video-decoder-ogg-theora: a1e56fd34408186e4bbccfd4996cb3dc -> 
  custom:container-muxer-webm: aa71ff27fc2769a1b78a27578f13a17b -> 
  custom:container-demuxer-webm: 4f35f7cbe854078d1ac9338744f61a02 -> 
  custom:container-demuxer-ogg: 62fdf1f143b41e24485cea50d1cbac27 -> 
  custom:video-encoder-webm-vp8: eb34c28f22e8b96e1ab97ce403110664 -> 
  custom:video-decoder-webm-vp8: 9c59270c3fd7afecdb556c50c9e8de78 -> 
  custom:graphics/normal-map-encoding: 01000000000000000000000000000000 -> 02000000000000000000000000000000
  custom:audio-decoder-ogg-vorbis: bf7c407c2cedff20999df2af8eb42d56 -> 
  custom:audio-encoder-webm-vorbis: bf7c407c2cedff20999df2af8eb42d56 -> 
========================================================================
Received Prepare
Registering precompiled user dll's ...
Registered in 0.006434 seconds.
Begin MonoManager ReloadAssembly
Native extension for WindowsStandalone target not found
Refreshing native plugins compatible for Editor in 1.25 ms, found 5 plugins.
Preloading 0 native plugins for Editor in 0.00 ms.
Mono: successfully reloaded assembly
- Completed reload, in  1.482 seconds
Domain Reload Profiling:
	ReloadAssembly (1483ms)
		BeginReloadAssembly (127ms)
			ExecutionOrderSort (0ms)
			DisableScriptedObjects (8ms)
			BackupInstance (0ms)
			ReleaseScriptingObjects (0ms)
			CreateAndSetChildDomain (35ms)
		EndReloadAssembly (1282ms)
			LoadAssemblies (117ms)
			RebuildTransferFunctionScriptingTraits (0ms)
			SetupTypeCache (365ms)
			ReleaseScriptCaches (1ms)
			RebuildScriptCaches (56ms)
			SetupLoadedEditorAssemblies (545ms)
				LogAssemblyErrors (0ms)
				InitializePlatformSupportModulesInManaged (6ms)
				SetLoadedEditorAssemblies (1ms)
				RefreshPlugins (1ms)
				BeforeProcessingInitializeOnLoad (99ms)
				ProcessInitializeOnLoadAttributes (388ms)
				ProcessInitializeOnLoadMethodAttributes (45ms)
				AfterProcessingInitializeOnLoad (5ms)
				EditorAssembliesLoaded (0ms)
			ExecutionOrderSort2 (0ms)
			AwakeInstancesAfterBackupRestoration (10ms)
Platform modules already initialized, skipping
Switching build target platform(19) subTarget(0) extendedPlatform(0) -> platform(13) subTarget(589824) extendedPlatform(0)
Refreshing native plugins compatible for Editor in 1.25 ms, found 5 plugins.
Preloading 0 native plugins for Editor in 0.00 ms.
Unloading 2152 Unused Serialized files (Serialized files now loaded: 0)
System memory in use before: 183.0 MB.
System memory in use after: 182.7 MB.

Unloading 69 unused Assets to reduce memory usage. Loaded Objects now: 2739.
Total: 8.042595 ms (FindLiveObjects: 0.227034 ms CreateObjectMapping: 0.092369 ms MarkObjects: 7.185465 ms  DeleteObjects: 0.535551 ms)

AssetImportParameters requested are different than current active one (requested -> active):
  custom:framework-win-MediaFoundation: 216162199b28c13a410421893ffa2e32 -> 
  custom:video-decoder-ogg-theora: a1e56fd34408186e4bbccfd4996cb3dc -> 
  custom:container-muxer-webm: aa71ff27fc2769a1b78a27578f13a17b -> 
  custom:container-demuxer-webm: 4f35f7cbe854078d1ac9338744f61a02 -> 
  custom:container-demuxer-ogg: 62fdf1f143b41e24485cea50d1cbac27 -> 
  custom:video-encoder-webm-vp8: eb34c28f22e8b96e1ab97ce403110664 -> 
  custom:video-decoder-webm-vp8: 9c59270c3fd7afecdb556c50c9e8de78 -> 
  custom:graphics/normal-map-encoding: 01000000000000000000000000000000 -> 02000000000000000000000000000000
  custom:audio-decoder-ogg-vorbis: bf7c407c2cedff20999df2af8eb42d56 -> 
  custom:audio-encoder-webm-vorbis: bf7c407c2cedff20999df2af8eb42d56 -> 
========================================================================
Received Prepare
Registering precompiled user dll's ...
Registered in 0.005867 seconds.
Begin MonoManager ReloadAssembly
Native extension for WindowsStandalone target not found
Refreshing native plugins compatible for Editor in 1.26 ms, found 5 plugins.
Preloading 0 native plugins for Editor in 0.00 ms.
Mono: successfully reloaded assembly
- Completed reload, in  1.509 seconds
Domain Reload Profiling:
	ReloadAssembly (1510ms)
		BeginReloadAssembly (122ms)
			ExecutionOrderSort (0ms)
			DisableScriptedObjects (8ms)
			BackupInstance (0ms)
			ReleaseScriptingObjects (0ms)
			CreateAndSetChildDomain (36ms)
		EndReloadAssembly (1313ms)
			LoadAssemblies (117ms)
			RebuildTransferFunctionScriptingTraits (0ms)
			SetupTypeCache (359ms)
			ReleaseScriptCaches (1ms)
			RebuildScriptCaches (56ms)
			SetupLoadedEditorAssemblies (557ms)
				LogAssemblyErrors (0ms)
				InitializePlatformSupportModulesInManaged (6ms)
				SetLoadedEditorAssemblies (1ms)
				RefreshPlugins (1ms)
				BeforeProcessingInitializeOnLoad (102ms)
				ProcessInitializeOnLoadAttributes (397ms)
				ProcessInitializeOnLoadMethodAttributes (45ms)
				AfterProcessingInitializeOnLoad (5ms)
				EditorAssembliesLoaded (0ms)
			ExecutionOrderSort2 (0ms)
			AwakeInstancesAfterBackupRestoration (10ms)
Platform modules already initialized, skipping
Switching build target platform(19) subTarget(0) extendedPlatform(0) -> platform(13) subTarget(589824) extendedPlatform(0)
Refreshing native plugins compatible for Editor in 1.20 ms, found 5 plugins.
Preloading 0 native plugins for Editor in 0.00 ms.
Unloading 2152 Unused Serialized files (Serialized files now loaded: 0)
System memory in use before: 183.0 MB.
System memory in use after: 182.7 MB.

Unloading 69 unused Assets to reduce memory usage. Loaded Objects now: 2741.
Total: 8.005275 ms (FindLiveObjects: 0.230144 ms CreateObjectMapping: 0.100766 ms MarkObjects: 7.113312 ms  DeleteObjects: 0.558876 ms)

AssetImportParameters requested are different than current active one (requested -> active):
  custom:framework-win-MediaFoundation: 216162199b28c13a410421893ffa2e32 -> 
  custom:video-decoder-ogg-theora: a1e56fd34408186e4bbccfd4996cb3dc -> 
  custom:container-muxer-webm: aa71ff27fc2769a1b78a27578f13a17b -> 
  custom:container-demuxer-webm: 4f35f7cbe854078d1ac9338744f61a02 -> 
  custom:container-demuxer-ogg: 62fdf1f143b41e24485cea50d1cbac27 -> 
  custom:video-encoder-webm-vp8: eb34c28f22e8b96e1ab97ce403110664 -> 
  custom:video-decoder-webm-vp8: 9c59270c3fd7afecdb556c50c9e8de78 -> 
  custom:graphics/normal-map-encoding: 01000000000000000000000000000000 -> 02000000000000000000000000000000
  custom:audio-decoder-ogg-vorbis: bf7c407c2cedff20999df2af8eb42d56 -> 
  custom:audio-encoder-webm-vorbis: bf7c407c2cedff20999df2af8eb42d56 -> 
========================================================================
Received Import Request.
  Time since last request: 1449.327132 seconds.
  path: Assets/Art
  artifactKey: Guid(f92dee9780887534081cda929a134b10) Importer(815301076,1909f56bfc062723c751e8b465ee728b)
Start importing Assets/Art using Guid(f92dee9780887534081cda929a134b10) Importer(815301076,1909f56bfc062723c751e8b465ee728b)  -> (artifact id: '0356f125f8e37a94de27fbc6a62215f9') in 0.007816 seconds 
  Import took 0.012557 seconds .

========================================================================
Received Import Request.
  Time since last request: 5.229212 seconds.
  path: Assets/Art/Art
  artifactKey: Guid(cb80847bbd9695f44b549b4023487384) Importer(815301076,1909f56bfc062723c751e8b465ee728b)
Start importing Assets/Art/Art using Guid(cb80847bbd9695f44b549b4023487384) Importer(815301076,1909f56bfc062723c751e8b465ee728b)  -> (artifact id: '4aa1e1fc5def7234e4ea032c5103753f') in 0.003454 seconds 
  Import took 0.008045 seconds .

AssetImportWorkerClient::OnTransportError - code=2 error=End of file
